          ok  Starting native_osx for sync instgram-app-code-sync
          ok  instgram-app-code-sync container still running, restarting unison in container
unison: stopped
unison: started
     success  Sync container started
     success  Showing unison logs from your sync container: instgram-app-code-sync
[2019-10-09 22:16:02 +0700] Sync Log:  UNISON 2.51.2 (OCAML 4.06.1) started propagating changes at 22:16:01.43 on 09 Oct 2019
[2019-10-09 22:16:02 +0700] Sync Log:  [BGN] Copying .docker-sync/daemon.log from /host_sync to /app_sync
[2019-10-09 22:16:02 +0700] Sync Log:  [END] Copying .docker-sync/daemon.log
[2019-10-09 22:16:02 +0700] Sync Log:  [BGN] Copying .docker-sync/daemon.pid from /host_sync to /app_sync
[2019-10-09 22:16:02 +0700] Sync Log:  [END] Copying .docker-sync/daemon.pid
[2019-10-09 22:16:02 +0700] Sync Log:  UNISON 2.51.2 (OCAML 4.06.1) finished propagating changes at 22:16:01.43 on 09 Oct 2019
[2019-10-09 22:16:02 +0700] Sync Log:  Synchronization complete at 22:16:01  (2 items transferred, 0 skipped, 0 failed)
[2019-10-09 22:28:49 +0700] Sync Log:  UNISON 2.51.2 (OCAML 4.06.1) started propagating changes at 22:28:49.40 on 09 Oct 2019
[2019-10-09 22:28:49 +0700] Sync Log:  [BGN] Updating file .idea/Instagram.iml from /host_sync to /app_sync
[2019-10-09 22:28:49 +0700] Sync Log:  [END] Updating file .idea/Instagram.iml
[2019-10-09 22:28:49 +0700] Sync Log:  [BGN] Updating file .idea/workspace.xml from /host_sync to /app_sync
[2019-10-09 22:28:49 +0700] Sync Log:  [END] Updating file .idea/workspace.xml
[2019-10-09 22:28:49 +0700] Sync Log:  UNISON 2.51.2 (OCAML 4.06.1) finished propagating changes at 22:28:49.41 on 09 Oct 2019
[2019-10-09 22:28:49 +0700] Sync Log:  Synchronization complete at 22:28:49  (2 items transferred, 0 skipped, 0 failed)
[2019-10-09 22:32:45 +0700] Sync Log:  UNISON 2.51.2 (OCAML 4.06.1) started propagating changes at 22:32:44.98 on 09 Oct 2019
[2019-10-09 22:32:45 +0700] Sync Log:  [BGN] Copying .idea/inspectionProfiles from /host_sync to /app_sync
[2019-10-09 22:32:45 +0700] Sync Log:  [END] Copying .idea/inspectionProfiles
[2019-10-09 22:32:45 +0700] Sync Log:  UNISON 2.51.2 (OCAML 4.06.1) finished propagating changes at 22:32:44.98 on 09 Oct 2019
[2019-10-09 22:32:45 +0700] Sync Log:  Synchronization complete at 22:32:44  (1 item transferred, 0 skipped, 0 failed)
[2019-10-09 22:33:32 +0700] Sync Log:  UNISON 2.51.2 (OCAML 4.06.1) started propagating changes at 22:33:32.10 on 09 Oct 2019
[2019-10-09 22:33:32 +0700] Sync Log:  [BGN] Updating file .idea/workspace.xml from /host_sync to /app_sync
[2019-10-09 22:33:32 +0700] Sync Log:  [END] Updating file .idea/workspace.xml
[2019-10-09 22:33:32 +0700] Sync Log:  UNISON 2.51.2 (OCAML 4.06.1) finished propagating changes at 22:33:32.11 on 09 Oct 2019
[2019-10-09 22:33:32 +0700] Sync Log:  Synchronization complete at 22:33:32  (1 item transferred, 0 skipped, 0 failed)
[2019-10-09 22:34:34 +0700] Sync Log:  UNISON 2.51.2 (OCAML 4.06.1) started propagating changes at 22:34:34.45 on 09 Oct 2019
[2019-10-09 22:34:34 +0700] Sync Log:  [BGN] Updating file .idea/workspace.xml from /host_sync to /app_sync
[2019-10-09 22:34:34 +0700] Sync Log:  [END] Updating file .idea/workspace.xml
[2019-10-09 22:34:34 +0700] Sync Log:  [BGN] Updating file app/views/home/index.html.erb from /host_sync to /app_sync
[2019-10-09 22:34:34 +0700] Sync Log:  [END] Updating file app/views/home/index.html.erb
[2019-10-09 22:34:34 +0700] Sync Log:  UNISON 2.51.2 (OCAML 4.06.1) finished propagating changes at 22:34:34.46 on 09 Oct 2019
[2019-10-09 22:34:34 +0700] Sync Log:  Synchronization complete at 22:34:34  (2 items transferred, 0 skipped, 0 failed)
[2019-10-09 22:39:35 +0700] Sync Log:  UNISON 2.51.2 (OCAML 4.06.1) started propagating changes at 22:39:35.71 on 09 Oct 2019
[2019-10-09 22:39:35 +0700] Sync Log:  [BGN] Updating file .idea/workspace.xml from /host_sync to /app_sync
[2019-10-09 22:39:35 +0700] Sync Log:  [END] Updating file .idea/workspace.xml
[2019-10-09 22:39:35 +0700] Sync Log:  UNISON 2.51.2 (OCAML 4.06.1) finished propagating changes at 22:39:35.71 on 09 Oct 2019
[2019-10-09 22:39:35 +0700] Sync Log:  Synchronization complete at 22:39:35  (1 item transferred, 0 skipped, 0 failed)
[2019-10-09 22:40:55 +0700] Sync Log:  UNISON 2.51.2 (OCAML 4.06.1) started propagating changes at 22:40:55.28 on 09 Oct 2019
[2019-10-09 22:40:55 +0700] Sync Log:  [BGN] Updating file app/views/home/_upload_form.html.erb from /host_sync to /app_sync
[2019-10-09 22:40:55 +0700] Sync Log:  [END] Updating file app/views/home/_upload_form.html.erb
[2019-10-09 22:40:55 +0700] Sync Log:  UNISON 2.51.2 (OCAML 4.06.1) finished propagating changes at 22:40:55.29 on 09 Oct 2019
[2019-10-09 22:40:55 +0700] Sync Log:  Synchronization complete at 22:40:55  (1 item transferred, 0 skipped, 0 failed)
[2019-10-09 22:41:23 +0700] Sync Log:  UNISON 2.51.2 (OCAML 4.06.1) started propagating changes at 22:41:23.53 on 09 Oct 2019
[2019-10-09 22:41:23 +0700] Sync Log:  [BGN] Updating file app/views/home/_upload_form.html.erb from /host_sync to /app_sync
[2019-10-09 22:41:23 +0700] Sync Log:  [END] Updating file app/views/home/_upload_form.html.erb
[2019-10-09 22:41:23 +0700] Sync Log:  UNISON 2.51.2 (OCAML 4.06.1) finished propagating changes at 22:41:23.54 on 09 Oct 2019
[2019-10-09 22:41:23 +0700] Sync Log:  Synchronization complete at 22:41:23  (1 item transferred, 0 skipped, 0 failed)
[2019-10-09 22:42:48 +0700] Sync Log:  UNISON 2.51.2 (OCAML 4.06.1) started propagating changes at 22:42:48.23 on 09 Oct 2019
[2019-10-09 22:42:48 +0700] Sync Log:  [BGN] Updating file app/views/home/_upload_form.html.erb from /host_sync to /app_sync
[2019-10-09 22:42:48 +0700] Sync Log:  [END] Updating file app/views/home/_upload_form.html.erb
[2019-10-09 22:42:48 +0700] Sync Log:  UNISON 2.51.2 (OCAML 4.06.1) finished propagating changes at 22:42:48.23 on 09 Oct 2019
[2019-10-09 22:42:48 +0700] Sync Log:  Synchronization complete at 22:42:48  (1 item transferred, 0 skipped, 0 failed)
[2019-10-09 22:42:54 +0700] Sync Log:  UNISON 2.51.2 (OCAML 4.06.1) started propagating changes at 22:42:54.75 on 09 Oct 2019
[2019-10-09 22:42:54 +0700] Sync Log:  [BGN] Updating file app/views/home/_upload_form.html.erb from /host_sync to /app_sync
[2019-10-09 22:42:54 +0700] Sync Log:  [END] Updating file app/views/home/_upload_form.html.erb
[2019-10-09 22:42:54 +0700] Sync Log:  UNISON 2.51.2 (OCAML 4.06.1) finished propagating changes at 22:42:54.75 on 09 Oct 2019
[2019-10-09 22:42:54 +0700] Sync Log:  Synchronization complete at 22:42:54  (1 item transferred, 0 skipped, 0 failed)
[2019-10-09 22:43:06 +0700] Sync Log:  UNISON 2.51.2 (OCAML 4.06.1) started propagating changes at 22:43:06.32 on 09 Oct 2019
[2019-10-09 22:43:06 +0700] Sync Log:  [BGN] Updating file app/views/home/_upload_form.html.erb from /host_sync to /app_sync
[2019-10-09 22:43:06 +0700] Sync Log:  [END] Updating file app/views/home/_upload_form.html.erb
[2019-10-09 22:43:06 +0700] Sync Log:  UNISON 2.51.2 (OCAML 4.06.1) finished propagating changes at 22:43:06.32 on 09 Oct 2019
[2019-10-09 22:43:06 +0700] Sync Log:  Synchronization complete at 22:43:06  (1 item transferred, 0 skipped, 0 failed)
[2019-10-09 22:43:49 +0700] Sync Log:  UNISON 2.51.2 (OCAML 4.06.1) started propagating changes at 22:43:49.19 on 09 Oct 2019
[2019-10-09 22:43:49 +0700] Sync Log:  [BGN] Updating file .idea/workspace.xml from /host_sync to /app_sync
[2019-10-09 22:43:49 +0700] Sync Log:  [END] Updating file .idea/workspace.xml
[2019-10-09 22:43:49 +0700] Sync Log:  UNISON 2.51.2 (OCAML 4.06.1) finished propagating changes at 22:43:49.19 on 09 Oct 2019
[2019-10-09 22:43:49 +0700] Sync Log:  Synchronization complete at 22:43:49  (1 item transferred, 0 skipped, 0 failed)
[2019-10-09 22:43:55 +0700] Sync Log:  UNISON 2.51.2 (OCAML 4.06.1) started propagating changes at 22:43:55.66 on 09 Oct 2019
[2019-10-09 22:43:55 +0700] Sync Log:  [BGN] Updating file app/views/home/index.html.erb from /host_sync to /app_sync
[2019-10-09 22:43:55 +0700] Sync Log:  [END] Updating file app/views/home/index.html.erb
[2019-10-09 22:43:55 +0700] Sync Log:  UNISON 2.51.2 (OCAML 4.06.1) finished propagating changes at 22:43:55.66 on 09 Oct 2019
[2019-10-09 22:43:55 +0700] Sync Log:  Synchronization complete at 22:43:55  (1 item transferred, 0 skipped, 0 failed)
[2019-10-09 22:44:51 +0700] Sync Log:  UNISON 2.51.2 (OCAML 4.06.1) started propagating changes at 22:44:51.57 on 09 Oct 2019
[2019-10-09 22:44:51 +0700] Sync Log:  [BGN] Updating file app/views/home/index.html.erb from /host_sync to /app_sync
[2019-10-09 22:44:51 +0700] Sync Log:  [END] Updating file app/views/home/index.html.erb
[2019-10-09 22:44:51 +0700] Sync Log:  UNISON 2.51.2 (OCAML 4.06.1) finished propagating changes at 22:44:51.58 on 09 Oct 2019
[2019-10-09 22:44:51 +0700] Sync Log:  Synchronization complete at 22:44:51  (1 item transferred, 0 skipped, 0 failed)
[2019-10-09 22:45:06 +0700] Sync Log:  UNISON 2.51.2 (OCAML 4.06.1) started propagating changes at 22:45:05.55 on 09 Oct 2019
[2019-10-09 22:45:06 +0700] Sync Log:  [BGN] Updating file app/views/home/_upload_form.html.erb from /host_sync to /app_sync
[2019-10-09 22:45:06 +0700] Sync Log:  [END] Updating file app/views/home/_upload_form.html.erb
[2019-10-09 22:45:06 +0700] Sync Log:  UNISON 2.51.2 (OCAML 4.06.1) finished propagating changes at 22:45:05.56 on 09 Oct 2019
[2019-10-09 22:45:06 +0700] Sync Log:  Synchronization complete at 22:45:05  (1 item transferred, 0 skipped, 0 failed)
[2019-10-09 22:47:07 +0700] Sync Log:  UNISON 2.51.2 (OCAML 4.06.1) started propagating changes at 22:47:06.38 on 09 Oct 2019
[2019-10-09 22:47:07 +0700] Sync Log:  [BGN] Updating file app/views/home/_upload_form.html.erb from /host_sync to /app_sync
[2019-10-09 22:47:07 +0700] Sync Log:  [END] Updating file app/views/home/_upload_form.html.erb
[2019-10-09 22:47:07 +0700] Sync Log:  UNISON 2.51.2 (OCAML 4.06.1) finished propagating changes at 22:47:06.38 on 09 Oct 2019
[2019-10-09 22:47:07 +0700] Sync Log:  Synchronization complete at 22:47:06  (1 item transferred, 0 skipped, 0 failed)
[2019-10-09 22:47:17 +0700] Sync Log:  UNISON 2.51.2 (OCAML 4.06.1) started propagating changes at 22:47:16.93 on 09 Oct 2019
[2019-10-09 22:47:17 +0700] Sync Log:  [BGN] Updating file app/views/home/_upload_form.html.erb from /host_sync to /app_sync
[2019-10-09 22:47:17 +0700] Sync Log:  [END] Updating file app/views/home/_upload_form.html.erb
[2019-10-09 22:47:17 +0700] Sync Log:  UNISON 2.51.2 (OCAML 4.06.1) finished propagating changes at 22:47:16.93 on 09 Oct 2019
[2019-10-09 22:47:17 +0700] Sync Log:  Synchronization complete at 22:47:16  (1 item transferred, 0 skipped, 0 failed)
[2019-10-09 22:49:30 +0700] Sync Log:  UNISON 2.51.2 (OCAML 4.06.1) started propagating changes at 22:49:29.83 on 09 Oct 2019
[2019-10-09 22:49:30 +0700] Sync Log:  [BGN] Updating file .idea/workspace.xml from /host_sync to /app_sync
[2019-10-09 22:49:30 +0700] Sync Log:  [END] Updating file .idea/workspace.xml
[2019-10-09 22:49:30 +0700] Sync Log:  [BGN] Updating file app/views/home/_upload_form.html.erb from /host_sync to /app_sync
[2019-10-09 22:49:30 +0700] Sync Log:  [END] Updating file app/views/home/_upload_form.html.erb
[2019-10-09 22:49:30 +0700] Sync Log:  UNISON 2.51.2 (OCAML 4.06.1) finished propagating changes at 22:49:29.83 on 09 Oct 2019
[2019-10-09 22:49:30 +0700] Sync Log:  Synchronization complete at 22:49:29  (2 items transferred, 0 skipped, 0 failed)
[2019-10-09 22:49:44 +0700] Sync Log:  UNISON 2.51.2 (OCAML 4.06.1) started propagating changes at 22:49:43.29 on 09 Oct 2019
[2019-10-09 22:49:44 +0700] Sync Log:  [BGN] Updating file .idea/workspace.xml from /host_sync to /app_sync
[2019-10-09 22:49:44 +0700] Sync Log:  [END] Updating file .idea/workspace.xml
[2019-10-09 22:49:44 +0700] Sync Log:  [BGN] Updating file app/views/home/_upload_form.html.erb from /host_sync to /app_sync
[2019-10-09 22:49:44 +0700] Sync Log:  [END] Updating file app/views/home/_upload_form.html.erb
[2019-10-09 22:49:44 +0700] Sync Log:  UNISON 2.51.2 (OCAML 4.06.1) finished propagating changes at 22:49:43.30 on 09 Oct 2019
[2019-10-09 22:49:44 +0700] Sync Log:  Synchronization complete at 22:49:43  (2 items transferred, 0 skipped, 0 failed)
[2019-10-09 22:50:15 +0700] Sync Log:  UNISON 2.51.2 (OCAML 4.06.1) started propagating changes at 22:50:14.99 on 09 Oct 2019
[2019-10-09 22:50:15 +0700] Sync Log:  [BGN] Updating file .idea/workspace.xml from /host_sync to /app_sync
[2019-10-09 22:50:15 +0700] Sync Log:  [END] Updating file .idea/workspace.xml
[2019-10-09 22:50:15 +0700] Sync Log:  [BGN] Updating file app/views/home/_upload_form.html.erb from /host_sync to /app_sync
[2019-10-09 22:50:15 +0700] Sync Log:  [END] Updating file app/views/home/_upload_form.html.erb
[2019-10-09 22:50:15 +0700] Sync Log:  UNISON 2.51.2 (OCAML 4.06.1) finished propagating changes at 22:50:15.00 on 09 Oct 2019
[2019-10-09 22:50:15 +0700] Sync Log:  Synchronization complete at 22:50:15  (2 items transferred, 0 skipped, 0 failed)
[2019-10-09 22:50:30 +0700] Sync Log:  UNISON 2.51.2 (OCAML 4.06.1) started propagating changes at 22:50:30.21 on 09 Oct 2019
[2019-10-09 22:50:30 +0700] Sync Log:  [BGN] Updating file .idea/workspace.xml from /host_sync to /app_sync
[2019-10-09 22:50:30 +0700] Sync Log:  [END] Updating file .idea/workspace.xml
[2019-10-09 22:50:30 +0700] Sync Log:  [BGN] Updating file app/views/home/_upload_form.html.erb from /host_sync to /app_sync
[2019-10-09 22:50:30 +0700] Sync Log:  [END] Updating file app/views/home/_upload_form.html.erb
[2019-10-09 22:50:30 +0700] Sync Log:  UNISON 2.51.2 (OCAML 4.06.1) finished propagating changes at 22:50:30.22 on 09 Oct 2019
[2019-10-09 22:50:30 +0700] Sync Log:  Synchronization complete at 22:50:30  (2 items transferred, 0 skipped, 0 failed)
[2019-10-09 22:50:48 +0700] Sync Log:  UNISON 2.51.2 (OCAML 4.06.1) started propagating changes at 22:50:47.70 on 09 Oct 2019
[2019-10-09 22:50:48 +0700] Sync Log:  [BGN] Updating file app/views/home/_upload_form.html.erb from /host_sync to /app_sync
[2019-10-09 22:50:48 +0700] Sync Log:  [END] Updating file app/views/home/_upload_form.html.erb
[2019-10-09 22:50:48 +0700] Sync Log:  UNISON 2.51.2 (OCAML 4.06.1) finished propagating changes at 22:50:47.70 on 09 Oct 2019
[2019-10-09 22:50:48 +0700] Sync Log:  Synchronization complete at 22:50:47  (1 item transferred, 0 skipped, 0 failed)
[2019-10-09 22:51:10 +0700] Sync Log:  UNISON 2.51.2 (OCAML 4.06.1) started propagating changes at 22:51:09.62 on 09 Oct 2019
[2019-10-09 22:51:10 +0700] Sync Log:  [BGN] Updating file .idea/workspace.xml from /host_sync to /app_sync
[2019-10-09 22:51:10 +0700] Sync Log:  [END] Updating file .idea/workspace.xml
[2019-10-09 22:51:10 +0700] Sync Log:  [BGN] Updating file app/views/home/_upload_form.html.erb from /host_sync to /app_sync
[2019-10-09 22:51:10 +0700] Sync Log:  [END] Updating file app/views/home/_upload_form.html.erb
[2019-10-09 22:51:10 +0700] Sync Log:  UNISON 2.51.2 (OCAML 4.06.1) finished propagating changes at 22:51:09.63 on 09 Oct 2019
[2019-10-09 22:51:10 +0700] Sync Log:  Synchronization complete at 22:51:09  (2 items transferred, 0 skipped, 0 failed)
[2019-10-09 22:54:32 +0700] Sync Log:  UNISON 2.51.2 (OCAML 4.06.1) started propagating changes at 22:54:32.36 on 09 Oct 2019
[2019-10-09 22:54:32 +0700] Sync Log:  [BGN] Updating file .idea/workspace.xml from /host_sync to /app_sync
[2019-10-09 22:54:32 +0700] Sync Log:  [END] Updating file .idea/workspace.xml
[2019-10-09 22:54:32 +0700] Sync Log:  [BGN] Updating file app/assets/stylesheets/home.scss from /host_sync to /app_sync
[2019-10-09 22:54:32 +0700] Sync Log:  [END] Updating file app/assets/stylesheets/home.scss
[2019-10-09 22:54:32 +0700] Sync Log:  UNISON 2.51.2 (OCAML 4.06.1) finished propagating changes at 22:54:32.36 on 09 Oct 2019
[2019-10-09 22:54:32 +0700] Sync Log:  Synchronization complete at 22:54:32  (2 items transferred, 0 skipped, 0 failed)
[2019-10-09 22:55:14 +0700] Sync Log:  UNISON 2.51.2 (OCAML 4.06.1) started propagating changes at 22:55:13.59 on 09 Oct 2019
[2019-10-09 22:55:14 +0700] Sync Log:  [BGN] Updating file .idea/workspace.xml from /host_sync to /app_sync
[2019-10-09 22:55:14 +0700] Sync Log:  [END] Updating file .idea/workspace.xml
[2019-10-09 22:55:14 +0700] Sync Log:  [BGN] Updating file app/views/home/_upload_form.html.erb from /host_sync to /app_sync
[2019-10-09 22:55:14 +0700] Sync Log:  [END] Updating file app/views/home/_upload_form.html.erb
[2019-10-09 22:55:14 +0700] Sync Log:  UNISON 2.51.2 (OCAML 4.06.1) finished propagating changes at 22:55:13.60 on 09 Oct 2019
[2019-10-09 22:55:14 +0700] Sync Log:  Synchronization complete at 22:55:13  (2 items transferred, 0 skipped, 0 failed)
[2019-10-09 22:56:19 +0700] Sync Log:  UNISON 2.51.2 (OCAML 4.06.1) started propagating changes at 22:56:19.44 on 09 Oct 2019
[2019-10-09 22:56:19 +0700] Sync Log:  [BGN] Updating file .idea/workspace.xml from /host_sync to /app_sync
[2019-10-09 22:56:19 +0700] Sync Log:  [END] Updating file .idea/workspace.xml
[2019-10-09 22:56:19 +0700] Sync Log:  [BGN] Updating file app/assets/stylesheets/application.scss from /host_sync to /app_sync
[2019-10-09 22:56:19 +0700] Sync Log:  [END] Updating file app/assets/stylesheets/application.scss
[2019-10-09 22:56:19 +0700] Sync Log:  UNISON 2.51.2 (OCAML 4.06.1) finished propagating changes at 22:56:19.45 on 09 Oct 2019
[2019-10-09 22:56:19 +0700] Sync Log:  Synchronization complete at 22:56:19  (2 items transferred, 0 skipped, 0 failed)
[2019-10-09 22:57:30 +0700] Sync Log:  UNISON 2.51.2 (OCAML 4.06.1) started propagating changes at 22:57:29.83 on 09 Oct 2019
[2019-10-09 22:57:30 +0700] Sync Log:  [BGN] Updating file .idea/workspace.xml from /host_sync to /app_sync
[2019-10-09 22:57:30 +0700] Sync Log:  [END] Updating file .idea/workspace.xml
[2019-10-09 22:57:30 +0700] Sync Log:  [BGN] Updating file app/views/home/_upload_form.html.erb from /host_sync to /app_sync
[2019-10-09 22:57:30 +0700] Sync Log:  [END] Updating file app/views/home/_upload_form.html.erb
[2019-10-09 22:57:30 +0700] Sync Log:  UNISON 2.51.2 (OCAML 4.06.1) finished propagating changes at 22:57:29.84 on 09 Oct 2019
[2019-10-09 22:57:30 +0700] Sync Log:  Synchronization complete at 22:57:29  (2 items transferred, 0 skipped, 0 failed)
[2019-10-09 22:58:01 +0700] Sync Log:  UNISON 2.51.2 (OCAML 4.06.1) started propagating changes at 22:58:01.53 on 09 Oct 2019
[2019-10-09 22:58:01 +0700] Sync Log:  [BGN] Updating file app/assets/stylesheets/home.scss from /host_sync to /app_sync
[2019-10-09 22:58:01 +0700] Sync Log:  [END] Updating file app/assets/stylesheets/home.scss
[2019-10-09 22:58:01 +0700] Sync Log:  UNISON 2.51.2 (OCAML 4.06.1) finished propagating changes at 22:58:01.53 on 09 Oct 2019
[2019-10-09 22:58:01 +0700] Sync Log:  Synchronization complete at 22:58:01  (1 item transferred, 0 skipped, 0 failed)
[2019-10-09 23:01:23 +0700] Sync Log:  UNISON 2.51.2 (OCAML 4.06.1) started propagating changes at 23:01:23.50 on 09 Oct 2019
[2019-10-09 23:01:23 +0700] Sync Log:  [BGN] Updating file .idea/workspace.xml from /host_sync to /app_sync
[2019-10-09 23:01:23 +0700] Sync Log:  [END] Updating file .idea/workspace.xml
[2019-10-09 23:01:23 +0700] Sync Log:  [BGN] Updating file app/assets/stylesheets/home.scss from /host_sync to /app_sync
[2019-10-09 23:01:23 +0700] Sync Log:  [END] Updating file app/assets/stylesheets/home.scss
[2019-10-09 23:01:23 +0700] Sync Log:  [BGN] Updating file app/views/home/_upload_form.html.erb from /host_sync to /app_sync
[2019-10-09 23:01:23 +0700] Sync Log:  [END] Updating file app/views/home/_upload_form.html.erb
[2019-10-09 23:01:23 +0700] Sync Log:  UNISON 2.51.2 (OCAML 4.06.1) finished propagating changes at 23:01:23.51 on 09 Oct 2019
[2019-10-09 23:01:23 +0700] Sync Log:  Synchronization complete at 23:01:23  (3 items transferred, 0 skipped, 0 failed)
[2019-10-09 23:02:32 +0700] Sync Log:  UNISON 2.51.2 (OCAML 4.06.1) started propagating changes at 23:02:32.69 on 09 Oct 2019
[2019-10-09 23:02:32 +0700] Sync Log:  [BGN] Updating file app/assets/stylesheets/home.scss from /host_sync to /app_sync
[2019-10-09 23:02:32 +0700] Sync Log:  [END] Updating file app/assets/stylesheets/home.scss
[2019-10-09 23:02:32 +0700] Sync Log:  UNISON 2.51.2 (OCAML 4.06.1) finished propagating changes at 23:02:32.69 on 09 Oct 2019
[2019-10-09 23:02:32 +0700] Sync Log:  Synchronization complete at 23:02:32  (1 item transferred, 0 skipped, 0 failed)
[2019-10-09 23:02:38 +0700] Sync Log:  UNISON 2.51.2 (OCAML 4.06.1) started propagating changes at 23:02:38.20 on 09 Oct 2019
[2019-10-09 23:02:38 +0700] Sync Log:  [BGN] Updating file .idea/workspace.xml from /host_sync to /app_sync
[2019-10-09 23:02:38 +0700] Sync Log:  [END] Updating file .idea/workspace.xml
[2019-10-09 23:02:38 +0700] Sync Log:  [BGN] Updating file app/assets/stylesheets/home.scss from /host_sync to /app_sync
[2019-10-09 23:02:38 +0700] Sync Log:  [END] Updating file app/assets/stylesheets/home.scss
[2019-10-09 23:02:38 +0700] Sync Log:  UNISON 2.51.2 (OCAML 4.06.1) finished propagating changes at 23:02:38.20 on 09 Oct 2019
[2019-10-09 23:02:38 +0700] Sync Log:  Synchronization complete at 23:02:38  (2 items transferred, 0 skipped, 0 failed)
[2019-10-09 23:02:53 +0700] Sync Log:  UNISON 2.51.2 (OCAML 4.06.1) started propagating changes at 23:02:53.64 on 09 Oct 2019
[2019-10-09 23:02:53 +0700] Sync Log:  [BGN] Updating file app/assets/stylesheets/home.scss from /host_sync to /app_sync
[2019-10-09 23:02:53 +0700] Sync Log:  [END] Updating file app/assets/stylesheets/home.scss
[2019-10-09 23:02:53 +0700] Sync Log:  UNISON 2.51.2 (OCAML 4.06.1) finished propagating changes at 23:02:53.64 on 09 Oct 2019
[2019-10-09 23:02:53 +0700] Sync Log:  Synchronization complete at 23:02:53  (1 item transferred, 0 skipped, 0 failed)
[2019-10-09 23:03:16 +0700] Sync Log:  UNISON 2.51.2 (OCAML 4.06.1) started propagating changes at 23:03:16.47 on 09 Oct 2019
[2019-10-09 23:03:16 +0700] Sync Log:  [BGN] Updating file app/assets/stylesheets/home.scss from /host_sync to /app_sync
[2019-10-09 23:03:16 +0700] Sync Log:  [END] Updating file app/assets/stylesheets/home.scss
[2019-10-09 23:03:16 +0700] Sync Log:  UNISON 2.51.2 (OCAML 4.06.1) finished propagating changes at 23:03:16.47 on 09 Oct 2019
[2019-10-09 23:03:16 +0700] Sync Log:  Synchronization complete at 23:03:16  (1 item transferred, 0 skipped, 0 failed)
[2019-10-09 23:03:54 +0700] Sync Log:  UNISON 2.51.2 (OCAML 4.06.1) started propagating changes at 23:03:54.29 on 09 Oct 2019
[2019-10-09 23:03:54 +0700] Sync Log:  [BGN] Updating file app/views/home/_upload_form.html.erb from /host_sync to /app_sync
[2019-10-09 23:03:54 +0700] Sync Log:  [END] Updating file app/views/home/_upload_form.html.erb
[2019-10-09 23:03:54 +0700] Sync Log:  UNISON 2.51.2 (OCAML 4.06.1) finished propagating changes at 23:03:54.29 on 09 Oct 2019
[2019-10-09 23:03:54 +0700] Sync Log:  Synchronization complete at 23:03:54  (1 item transferred, 0 skipped, 0 failed)
[2019-10-09 23:04:08 +0700] Sync Log:  UNISON 2.51.2 (OCAML 4.06.1) started propagating changes at 23:04:08.51 on 09 Oct 2019
[2019-10-09 23:04:08 +0700] Sync Log:  [BGN] Updating file app/views/home/_upload_form.html.erb from /host_sync to /app_sync
[2019-10-09 23:04:08 +0700] Sync Log:  [END] Updating file app/views/home/_upload_form.html.erb
[2019-10-09 23:04:08 +0700] Sync Log:  UNISON 2.51.2 (OCAML 4.06.1) finished propagating changes at 23:04:08.52 on 09 Oct 2019
[2019-10-09 23:04:08 +0700] Sync Log:  Synchronization complete at 23:04:08  (1 item transferred, 0 skipped, 0 failed)
[2019-10-09 23:05:02 +0700] Sync Log:  UNISON 2.51.2 (OCAML 4.06.1) started propagating changes at 23:05:02.09 on 09 Oct 2019
[2019-10-09 23:05:02 +0700] Sync Log:  [BGN] Updating file .idea/workspace.xml from /host_sync to /app_sync
[2019-10-09 23:05:02 +0700] Sync Log:  [END] Updating file .idea/workspace.xml
[2019-10-09 23:05:02 +0700] Sync Log:  [BGN] Updating file app/views/home/_upload_form.html.erb from /host_sync to /app_sync
[2019-10-09 23:05:02 +0700] Sync Log:  [END] Updating file app/views/home/_upload_form.html.erb
[2019-10-09 23:05:02 +0700] Sync Log:  UNISON 2.51.2 (OCAML 4.06.1) finished propagating changes at 23:05:02.10 on 09 Oct 2019
[2019-10-09 23:05:02 +0700] Sync Log:  Synchronization complete at 23:05:02  (2 items transferred, 0 skipped, 0 failed)
[2019-10-09 23:05:33 +0700] Sync Log:  UNISON 2.51.2 (OCAML 4.06.1) started propagating changes at 23:05:33.37 on 09 Oct 2019
[2019-10-09 23:05:33 +0700] Sync Log:  [BGN] Updating file .idea/workspace.xml from /host_sync to /app_sync
[2019-10-09 23:05:33 +0700] Sync Log:  [END] Updating file .idea/workspace.xml
[2019-10-09 23:05:33 +0700] Sync Log:  [BGN] Updating file app/views/home/_upload_form.html.erb from /host_sync to /app_sync
[2019-10-09 23:05:33 +0700] Sync Log:  [END] Updating file app/views/home/_upload_form.html.erb
[2019-10-09 23:05:33 +0700] Sync Log:  UNISON 2.51.2 (OCAML 4.06.1) finished propagating changes at 23:05:33.38 on 09 Oct 2019
[2019-10-09 23:05:33 +0700] Sync Log:  Synchronization complete at 23:05:33  (2 items transferred, 0 skipped, 0 failed)
[2019-10-09 23:05:40 +0700] Sync Log:  UNISON 2.51.2 (OCAML 4.06.1) started propagating changes at 23:05:40.13 on 09 Oct 2019
[2019-10-09 23:05:40 +0700] Sync Log:  [BGN] Updating file .idea/workspace.xml from /host_sync to /app_sync
[2019-10-09 23:05:40 +0700] Sync Log:  [END] Updating file .idea/workspace.xml
[2019-10-09 23:05:40 +0700] Sync Log:  [BGN] Updating file app/views/home/_upload_form.html.erb from /host_sync to /app_sync
[2019-10-09 23:05:40 +0700] Sync Log:  [END] Updating file app/views/home/_upload_form.html.erb
[2019-10-09 23:05:40 +0700] Sync Log:  UNISON 2.51.2 (OCAML 4.06.1) finished propagating changes at 23:05:40.14 on 09 Oct 2019
[2019-10-09 23:05:40 +0700] Sync Log:  Synchronization complete at 23:05:40  (2 items transferred, 0 skipped, 0 failed)
[2019-10-09 23:06:07 +0700] Sync Log:  UNISON 2.51.2 (OCAML 4.06.1) started propagating changes at 23:06:07.63 on 09 Oct 2019
[2019-10-09 23:06:07 +0700] Sync Log:  [BGN] Updating file app/assets/stylesheets/home.scss from /host_sync to /app_sync
[2019-10-09 23:06:07 +0700] Sync Log:  [END] Updating file app/assets/stylesheets/home.scss
[2019-10-09 23:06:07 +0700] Sync Log:  UNISON 2.51.2 (OCAML 4.06.1) finished propagating changes at 23:06:07.63 on 09 Oct 2019
[2019-10-09 23:06:07 +0700] Sync Log:  Synchronization complete at 23:06:07  (1 item transferred, 0 skipped, 0 failed)
[2019-10-09 23:07:08 +0700] Sync Log:  UNISON 2.51.2 (OCAML 4.06.1) started propagating changes at 23:07:07.90 on 09 Oct 2019
[2019-10-09 23:07:08 +0700] Sync Log:  [BGN] Updating file app/assets/stylesheets/home.scss from /host_sync to /app_sync
[2019-10-09 23:07:08 +0700] Sync Log:  [END] Updating file app/assets/stylesheets/home.scss
[2019-10-09 23:07:08 +0700] Sync Log:  UNISON 2.51.2 (OCAML 4.06.1) finished propagating changes at 23:07:07.91 on 09 Oct 2019
[2019-10-09 23:07:08 +0700] Sync Log:  Synchronization complete at 23:07:07  (1 item transferred, 0 skipped, 0 failed)
[2019-10-09 23:08:44 +0700] Sync Log:  UNISON 2.51.2 (OCAML 4.06.1) started propagating changes at 23:08:44.55 on 09 Oct 2019
[2019-10-09 23:08:44 +0700] Sync Log:  [BGN] Updating file app/assets/stylesheets/home.scss from /host_sync to /app_sync
[2019-10-09 23:08:44 +0700] Sync Log:  [END] Updating file app/assets/stylesheets/home.scss
[2019-10-09 23:08:44 +0700] Sync Log:  [BGN] Updating file app/assets/stylesheets/posts.scss from /host_sync to /app_sync
[2019-10-09 23:08:44 +0700] Sync Log:  [END] Updating file app/assets/stylesheets/posts.scss
[2019-10-09 23:08:44 +0700] Sync Log:  UNISON 2.51.2 (OCAML 4.06.1) finished propagating changes at 23:08:44.56 on 09 Oct 2019
[2019-10-09 23:08:44 +0700] Sync Log:  Synchronization complete at 23:08:44  (2 items transferred, 0 skipped, 0 failed)
[2019-10-09 23:08:52 +0700] Sync Log:  UNISON 2.51.2 (OCAML 4.06.1) started propagating changes at 23:08:52.68 on 09 Oct 2019
[2019-10-09 23:08:52 +0700] Sync Log:  [BGN] Updating file .idea/workspace.xml from /host_sync to /app_sync
[2019-10-09 23:08:52 +0700] Sync Log:  [END] Updating file .idea/workspace.xml
[2019-10-09 23:08:52 +0700] Sync Log:  [BGN] Updating file app/assets/stylesheets/home.scss from /host_sync to /app_sync
[2019-10-09 23:08:52 +0700] Sync Log:  [END] Updating file app/assets/stylesheets/home.scss
[2019-10-09 23:08:52 +0700] Sync Log:  UNISON 2.51.2 (OCAML 4.06.1) finished propagating changes at 23:08:52.68 on 09 Oct 2019
[2019-10-09 23:08:52 +0700] Sync Log:  Synchronization complete at 23:08:52  (2 items transferred, 0 skipped, 0 failed)
[2019-10-09 23:09:13 +0700] Sync Log:  UNISON 2.51.2 (OCAML 4.06.1) started propagating changes at 23:09:13.01 on 09 Oct 2019
[2019-10-09 23:09:13 +0700] Sync Log:  [BGN] Updating file app/assets/stylesheets/home.scss from /host_sync to /app_sync
[2019-10-09 23:09:13 +0700] Sync Log:  [END] Updating file app/assets/stylesheets/home.scss
[2019-10-09 23:09:13 +0700] Sync Log:  UNISON 2.51.2 (OCAML 4.06.1) finished propagating changes at 23:09:13.01 on 09 Oct 2019
[2019-10-09 23:09:13 +0700] Sync Log:  Synchronization complete at 23:09:13  (1 item transferred, 0 skipped, 0 failed)
[2019-10-09 23:09:31 +0700] Sync Log:  UNISON 2.51.2 (OCAML 4.06.1) started propagating changes at 23:09:31.12 on 09 Oct 2019
[2019-10-09 23:09:31 +0700] Sync Log:  [BGN] Updating file app/assets/stylesheets/posts.scss from /host_sync to /app_sync
[2019-10-09 23:09:31 +0700] Sync Log:  [END] Updating file app/assets/stylesheets/posts.scss
[2019-10-09 23:09:31 +0700] Sync Log:  UNISON 2.51.2 (OCAML 4.06.1) finished propagating changes at 23:09:31.13 on 09 Oct 2019
[2019-10-09 23:09:31 +0700] Sync Log:  Synchronization complete at 23:09:31  (1 item transferred, 0 skipped, 0 failed)
[2019-10-09 23:10:09 +0700] Sync Log:  UNISON 2.51.2 (OCAML 4.06.1) started propagating changes at 23:10:09.04 on 09 Oct 2019
[2019-10-09 23:10:09 +0700] Sync Log:  [BGN] Updating file app/assets/stylesheets/home.scss from /host_sync to /app_sync
[2019-10-09 23:10:09 +0700] Sync Log:  [END] Updating file app/assets/stylesheets/home.scss
[2019-10-09 23:10:09 +0700] Sync Log:  UNISON 2.51.2 (OCAML 4.06.1) finished propagating changes at 23:10:09.04 on 09 Oct 2019
[2019-10-09 23:10:09 +0700] Sync Log:  Synchronization complete at 23:10:09  (1 item transferred, 0 skipped, 0 failed)
[2019-10-09 23:10:28 +0700] Sync Log:  UNISON 2.51.2 (OCAML 4.06.1) started propagating changes at 23:10:28.15 on 09 Oct 2019
[2019-10-09 23:10:28 +0700] Sync Log:  [BGN] Updating file .idea/workspace.xml from /host_sync to /app_sync
[2019-10-09 23:10:28 +0700] Sync Log:  [END] Updating file .idea/workspace.xml
[2019-10-09 23:10:28 +0700] Sync Log:  [BGN] Updating file app/assets/stylesheets/home.scss from /host_sync to /app_sync
[2019-10-09 23:10:28 +0700] Sync Log:  [END] Updating file app/assets/stylesheets/home.scss
[2019-10-09 23:10:28 +0700] Sync Log:  UNISON 2.51.2 (OCAML 4.06.1) finished propagating changes at 23:10:28.16 on 09 Oct 2019
[2019-10-09 23:10:28 +0700] Sync Log:  Synchronization complete at 23:10:28  (2 items transferred, 0 skipped, 0 failed)
[2019-10-09 23:12:14 +0700] Sync Log:  UNISON 2.51.2 (OCAML 4.06.1) started propagating changes at 23:12:14.00 on 09 Oct 2019
[2019-10-09 23:12:14 +0700] Sync Log:  [BGN] Updating file app/views/home/_upload_form.html.erb from /host_sync to /app_sync
[2019-10-09 23:12:14 +0700] Sync Log:  [END] Updating file app/views/home/_upload_form.html.erb
[2019-10-09 23:12:14 +0700] Sync Log:  UNISON 2.51.2 (OCAML 4.06.1) finished propagating changes at 23:12:14.00 on 09 Oct 2019
[2019-10-09 23:12:14 +0700] Sync Log:  Synchronization complete at 23:12:14  (1 item transferred, 0 skipped, 0 failed)
[2019-10-09 23:12:30 +0700] Sync Log:  UNISON 2.51.2 (OCAML 4.06.1) started propagating changes at 23:12:30.18 on 09 Oct 2019
[2019-10-09 23:12:30 +0700] Sync Log:  [BGN] Updating file .idea/workspace.xml from /host_sync to /app_sync
[2019-10-09 23:12:30 +0700] Sync Log:  [END] Updating file .idea/workspace.xml
[2019-10-09 23:12:30 +0700] Sync Log:  [BGN] Updating file app/views/home/_upload_form.html.erb from /host_sync to /app_sync
[2019-10-09 23:12:30 +0700] Sync Log:  [END] Updating file app/views/home/_upload_form.html.erb
[2019-10-09 23:12:30 +0700] Sync Log:  UNISON 2.51.2 (OCAML 4.06.1) finished propagating changes at 23:12:30.19 on 09 Oct 2019
[2019-10-09 23:12:30 +0700] Sync Log:  Synchronization complete at 23:12:30  (2 items transferred, 0 skipped, 0 failed)
[2019-10-09 23:12:53 +0700] Sync Log:  UNISON 2.51.2 (OCAML 4.06.1) started propagating changes at 23:12:53.60 on 09 Oct 2019
[2019-10-09 23:12:53 +0700] Sync Log:  [BGN] Updating file .idea/workspace.xml from /host_sync to /app_sync
[2019-10-09 23:12:53 +0700] Sync Log:  [END] Updating file .idea/workspace.xml
[2019-10-09 23:12:53 +0700] Sync Log:  [BGN] Updating file app/views/home/_upload_form.html.erb from /host_sync to /app_sync
[2019-10-09 23:12:53 +0700] Sync Log:  [END] Updating file app/views/home/_upload_form.html.erb
[2019-10-09 23:12:53 +0700] Sync Log:  UNISON 2.51.2 (OCAML 4.06.1) finished propagating changes at 23:12:53.61 on 09 Oct 2019
[2019-10-09 23:12:53 +0700] Sync Log:  Synchronization complete at 23:12:53  (2 items transferred, 0 skipped, 0 failed)
[2019-10-09 23:13:13 +0700] Sync Log:  UNISON 2.51.2 (OCAML 4.06.1) started propagating changes at 23:13:13.78 on 09 Oct 2019
[2019-10-09 23:13:13 +0700] Sync Log:  [BGN] Updating file .idea/workspace.xml from /host_sync to /app_sync
[2019-10-09 23:13:13 +0700] Sync Log:  [END] Updating file .idea/workspace.xml
[2019-10-09 23:13:13 +0700] Sync Log:  [BGN] Updating file app/assets/stylesheets/home.scss from /host_sync to /app_sync
[2019-10-09 23:13:13 +0700] Sync Log:  [END] Updating file app/assets/stylesheets/home.scss
[2019-10-09 23:13:13 +0700] Sync Log:  UNISON 2.51.2 (OCAML 4.06.1) finished propagating changes at 23:13:13.78 on 09 Oct 2019
[2019-10-09 23:13:13 +0700] Sync Log:  Synchronization complete at 23:13:13  (2 items transferred, 0 skipped, 0 failed)
[2019-10-09 23:13:55 +0700] Sync Log:  UNISON 2.51.2 (OCAML 4.06.1) started propagating changes at 23:13:54.08 on 09 Oct 2019
[2019-10-09 23:13:55 +0700] Sync Log:  [BGN] Updating file .idea/workspace.xml from /host_sync to /app_sync
[2019-10-09 23:13:55 +0700] Sync Log:  [END] Updating file .idea/workspace.xml
[2019-10-09 23:13:55 +0700] Sync Log:  [BGN] Updating file app/assets/stylesheets/home.scss from /host_sync to /app_sync
[2019-10-09 23:13:55 +0700] Sync Log:  [END] Updating file app/assets/stylesheets/home.scss
[2019-10-09 23:13:55 +0700] Sync Log:  UNISON 2.51.2 (OCAML 4.06.1) finished propagating changes at 23:13:54.09 on 09 Oct 2019
[2019-10-09 23:13:55 +0700] Sync Log:  Synchronization complete at 23:13:54  (2 items transferred, 0 skipped, 0 failed)
[2019-10-09 23:15:06 +0700] Sync Log:  UNISON 2.51.2 (OCAML 4.06.1) started propagating changes at 23:15:05.26 on 09 Oct 2019
[2019-10-09 23:15:06 +0700] Sync Log:  [BGN] Updating file .idea/workspace.xml from /host_sync to /app_sync
[2019-10-09 23:15:06 +0700] Sync Log:  [END] Updating file .idea/workspace.xml
[2019-10-09 23:15:06 +0700] Sync Log:  [BGN] Updating file app/assets/stylesheets/home.scss from /host_sync to /app_sync
[2019-10-09 23:15:06 +0700] Sync Log:  [END] Updating file app/assets/stylesheets/home.scss
[2019-10-09 23:15:06 +0700] Sync Log:  UNISON 2.51.2 (OCAML 4.06.1) finished propagating changes at 23:15:05.26 on 09 Oct 2019
[2019-10-09 23:15:06 +0700] Sync Log:  Synchronization complete at 23:15:05  (2 items transferred, 0 skipped, 0 failed)
[2019-10-09 23:15:23 +0700] Sync Log:  UNISON 2.51.2 (OCAML 4.06.1) started propagating changes at 23:15:22.17 on 09 Oct 2019
[2019-10-09 23:15:23 +0700] Sync Log:  [BGN] Updating file .idea/workspace.xml from /host_sync to /app_sync
[2019-10-09 23:15:23 +0700] Sync Log:  [END] Updating file .idea/workspace.xml
[2019-10-09 23:15:23 +0700] Sync Log:  [BGN] Updating file app/views/home/_upload_form.html.erb from /host_sync to /app_sync
[2019-10-09 23:15:23 +0700] Sync Log:  [END] Updating file app/views/home/_upload_form.html.erb
[2019-10-09 23:15:23 +0700] Sync Log:  UNISON 2.51.2 (OCAML 4.06.1) finished propagating changes at 23:15:22.18 on 09 Oct 2019
[2019-10-09 23:15:23 +0700] Sync Log:  Synchronization complete at 23:15:22  (2 items transferred, 0 skipped, 0 failed)
[2019-10-09 23:17:32 +0700] Sync Log:  UNISON 2.51.2 (OCAML 4.06.1) started propagating changes at 23:17:31.33 on 09 Oct 2019
[2019-10-09 23:17:32 +0700] Sync Log:  [BGN] Updating file app/assets/stylesheets/home.scss from /host_sync to /app_sync
[2019-10-09 23:17:32 +0700] Sync Log:  [END] Updating file app/assets/stylesheets/home.scss
[2019-10-09 23:17:32 +0700] Sync Log:  UNISON 2.51.2 (OCAML 4.06.1) finished propagating changes at 23:17:31.34 on 09 Oct 2019
[2019-10-09 23:17:32 +0700] Sync Log:  Synchronization complete at 23:17:31  (1 item transferred, 0 skipped, 0 failed)
[2019-10-09 23:19:34 +0700] Sync Log:  UNISON 2.51.2 (OCAML 4.06.1) started propagating changes at 23:19:33.25 on 09 Oct 2019
[2019-10-09 23:19:34 +0700] Sync Log:  [BGN] Updating file .idea/workspace.xml from /host_sync to /app_sync
[2019-10-09 23:19:34 +0700] Sync Log:  [END] Updating file .idea/workspace.xml
[2019-10-09 23:19:34 +0700] Sync Log:  [BGN] Updating file app/assets/stylesheets/home.scss from /host_sync to /app_sync
[2019-10-09 23:19:34 +0700] Sync Log:  [END] Updating file app/assets/stylesheets/home.scss
[2019-10-09 23:19:34 +0700] Sync Log:  UNISON 2.51.2 (OCAML 4.06.1) finished propagating changes at 23:19:33.27 on 09 Oct 2019
[2019-10-09 23:19:34 +0700] Sync Log:  Synchronization complete at 23:19:33  (2 items transferred, 0 skipped, 0 failed)
[2019-10-09 23:19:51 +0700] Sync Log:  UNISON 2.51.2 (OCAML 4.06.1) started propagating changes at 23:19:51.15 on 09 Oct 2019
[2019-10-09 23:19:51 +0700] Sync Log:  [BGN] Updating file app/assets/stylesheets/home.scss from /host_sync to /app_sync
[2019-10-09 23:19:51 +0700] Sync Log:  [END] Updating file app/assets/stylesheets/home.scss
[2019-10-09 23:19:51 +0700] Sync Log:  UNISON 2.51.2 (OCAML 4.06.1) finished propagating changes at 23:19:51.15 on 09 Oct 2019
[2019-10-09 23:19:51 +0700] Sync Log:  Synchronization complete at 23:19:51  (1 item transferred, 0 skipped, 0 failed)
[2019-10-09 23:20:06 +0700] Sync Log:  UNISON 2.51.2 (OCAML 4.06.1) started propagating changes at 23:20:05.44 on 09 Oct 2019
[2019-10-09 23:20:06 +0700] Sync Log:  [BGN] Updating file .idea/workspace.xml from /host_sync to /app_sync
[2019-10-09 23:20:06 +0700] Sync Log:  [END] Updating file .idea/workspace.xml
[2019-10-09 23:20:06 +0700] Sync Log:  [BGN] Updating file app/assets/stylesheets/home.scss from /host_sync to /app_sync
[2019-10-09 23:20:06 +0700] Sync Log:  [END] Updating file app/assets/stylesheets/home.scss
[2019-10-09 23:20:06 +0700] Sync Log:  UNISON 2.51.2 (OCAML 4.06.1) finished propagating changes at 23:20:05.46 on 09 Oct 2019
[2019-10-09 23:20:06 +0700] Sync Log:  Synchronization complete at 23:20:05  (2 items transferred, 0 skipped, 0 failed)
[2019-10-09 23:21:32 +0700] Sync Log:  UNISON 2.51.2 (OCAML 4.06.1) started propagating changes at 23:21:32.07 on 09 Oct 2019
[2019-10-09 23:21:32 +0700] Sync Log:  [BGN] Updating file app/assets/stylesheets/home.scss from /host_sync to /app_sync
[2019-10-09 23:21:32 +0700] Sync Log:  [END] Updating file app/assets/stylesheets/home.scss
[2019-10-09 23:21:32 +0700] Sync Log:  UNISON 2.51.2 (OCAML 4.06.1) finished propagating changes at 23:21:32.07 on 09 Oct 2019
[2019-10-09 23:21:32 +0700] Sync Log:  Synchronization complete at 23:21:32  (1 item transferred, 0 skipped, 0 failed)
[2019-10-09 23:22:46 +0700] Sync Log:  UNISON 2.51.2 (OCAML 4.06.1) started propagating changes at 23:22:45.47 on 09 Oct 2019
[2019-10-09 23:22:46 +0700] Sync Log:  [BGN] Updating file app/views/home/_upload_form.html.erb from /host_sync to /app_sync
[2019-10-09 23:22:46 +0700] Sync Log:  [END] Updating file app/views/home/_upload_form.html.erb
[2019-10-09 23:22:46 +0700] Sync Log:  UNISON 2.51.2 (OCAML 4.06.1) finished propagating changes at 23:22:45.47 on 09 Oct 2019
[2019-10-09 23:22:46 +0700] Sync Log:  Synchronization complete at 23:22:45  (1 item transferred, 0 skipped, 0 failed)
[2019-10-09 23:22:56 +0700] Sync Log:  UNISON 2.51.2 (OCAML 4.06.1) started propagating changes at 23:22:55.62 on 09 Oct 2019
[2019-10-09 23:22:56 +0700] Sync Log:  [BGN] Updating file app/views/home/_upload_form.html.erb from /host_sync to /app_sync
[2019-10-09 23:22:56 +0700] Sync Log:  [END] Updating file app/views/home/_upload_form.html.erb
[2019-10-09 23:22:56 +0700] Sync Log:  UNISON 2.51.2 (OCAML 4.06.1) finished propagating changes at 23:22:55.62 on 09 Oct 2019
[2019-10-09 23:22:56 +0700] Sync Log:  Synchronization complete at 23:22:55  (1 item transferred, 0 skipped, 0 failed)
[2019-10-09 23:23:10 +0700] Sync Log:  UNISON 2.51.2 (OCAML 4.06.1) started propagating changes at 23:23:09.58 on 09 Oct 2019
[2019-10-09 23:23:10 +0700] Sync Log:  [BGN] Updating file .idea/workspace.xml from /host_sync to /app_sync
[2019-10-09 23:23:10 +0700] Sync Log:  [END] Updating file .idea/workspace.xml
[2019-10-09 23:23:10 +0700] Sync Log:  [BGN] Updating file app/views/home/_upload_form.html.erb from /host_sync to /app_sync
[2019-10-09 23:23:10 +0700] Sync Log:  [END] Updating file app/views/home/_upload_form.html.erb
[2019-10-09 23:23:10 +0700] Sync Log:  UNISON 2.51.2 (OCAML 4.06.1) finished propagating changes at 23:23:09.60 on 09 Oct 2019
[2019-10-09 23:23:10 +0700] Sync Log:  Synchronization complete at 23:23:09  (2 items transferred, 0 skipped, 0 failed)
[2019-10-09 23:29:09 +0700] Sync Log:  UNISON 2.51.2 (OCAML 4.06.1) started propagating changes at 23:29:08.96 on 09 Oct 2019
[2019-10-09 23:29:09 +0700] Sync Log:  [BGN] Updating file .idea/workspace.xml from /host_sync to /app_sync
[2019-10-09 23:29:09 +0700] Sync Log:  [END] Updating file .idea/workspace.xml
[2019-10-09 23:29:09 +0700] Sync Log:  UNISON 2.51.2 (OCAML 4.06.1) finished propagating changes at 23:29:08.96 on 09 Oct 2019
[2019-10-09 23:29:09 +0700] Sync Log:  Synchronization complete at 23:29:08  (1 item transferred, 0 skipped, 0 failed)
[2019-10-09 23:29:26 +0700] Sync Log:  UNISON 2.51.2 (OCAML 4.06.1) started propagating changes at 23:29:25.67 on 09 Oct 2019
[2019-10-09 23:29:26 +0700] Sync Log:  [BGN] Updating file .idea/workspace.xml from /host_sync to /app_sync
[2019-10-09 23:29:26 +0700] Sync Log:  [END] Updating file .idea/workspace.xml
[2019-10-09 23:29:26 +0700] Sync Log:  [BGN] Updating file app/assets/stylesheets/posts.scss from /host_sync to /app_sync
[2019-10-09 23:29:26 +0700] Sync Log:  [END] Updating file app/assets/stylesheets/posts.scss
[2019-10-09 23:29:26 +0700] Sync Log:  UNISON 2.51.2 (OCAML 4.06.1) finished propagating changes at 23:29:25.68 on 09 Oct 2019
[2019-10-09 23:29:26 +0700] Sync Log:  Synchronization complete at 23:29:25  (2 items transferred, 0 skipped, 0 failed)
[2019-10-09 23:29:50 +0700] Sync Log:  UNISON 2.51.2 (OCAML 4.06.1) started propagating changes at 23:29:50.19 on 09 Oct 2019
[2019-10-09 23:29:50 +0700] Sync Log:  [BGN] Updating file .idea/workspace.xml from /host_sync to /app_sync
[2019-10-09 23:29:50 +0700] Sync Log:  [END] Updating file .idea/workspace.xml
[2019-10-09 23:29:50 +0700] Sync Log:  [BGN] Updating file app/assets/stylesheets/home.scss from /host_sync to /app_sync
[2019-10-09 23:29:50 +0700] Sync Log:  [END] Updating file app/assets/stylesheets/home.scss
[2019-10-09 23:29:50 +0700] Sync Log:  UNISON 2.51.2 (OCAML 4.06.1) finished propagating changes at 23:29:50.19 on 09 Oct 2019
[2019-10-09 23:29:50 +0700] Sync Log:  Synchronization complete at 23:29:50  (2 items transferred, 0 skipped, 0 failed)
[2019-10-09 23:30:48 +0700] Sync Log:  UNISON 2.51.2 (OCAML 4.06.1) started propagating changes at 23:30:47.74 on 09 Oct 2019
[2019-10-09 23:30:48 +0700] Sync Log:  [BGN] Updating file .idea/workspace.xml from /host_sync to /app_sync
[2019-10-09 23:30:48 +0700] Sync Log:  [END] Updating file .idea/workspace.xml
[2019-10-09 23:30:48 +0700] Sync Log:  [BGN] Updating file app/views/home/_upload_form.html.erb from /host_sync to /app_sync
[2019-10-09 23:30:48 +0700] Sync Log:  [END] Updating file app/views/home/_upload_form.html.erb
[2019-10-09 23:30:48 +0700] Sync Log:  [BGN] Updating file app/views/home/index.html.erb from /host_sync to /app_sync
[2019-10-09 23:30:48 +0700] Sync Log:  [END] Updating file app/views/home/index.html.erb
[2019-10-09 23:30:48 +0700] Sync Log:  UNISON 2.51.2 (OCAML 4.06.1) finished propagating changes at 23:30:47.75 on 09 Oct 2019
[2019-10-09 23:30:48 +0700] Sync Log:  Synchronization complete at 23:30:47  (3 items transferred, 0 skipped, 0 failed)
[2019-10-09 23:31:03 +0700] Sync Log:  UNISON 2.51.2 (OCAML 4.06.1) started propagating changes at 23:31:03.68 on 09 Oct 2019
[2019-10-09 23:31:03 +0700] Sync Log:  [BGN] Updating file .idea/workspace.xml from /host_sync to /app_sync
[2019-10-09 23:31:03 +0700] Sync Log:  [END] Updating file .idea/workspace.xml
[2019-10-09 23:31:03 +0700] Sync Log:  [BGN] Updating file app/views/home/index.html.erb from /host_sync to /app_sync
[2019-10-09 23:31:03 +0700] Sync Log:  [END] Updating file app/views/home/index.html.erb
[2019-10-09 23:31:03 +0700] Sync Log:  UNISON 2.51.2 (OCAML 4.06.1) finished propagating changes at 23:31:03.68 on 09 Oct 2019
[2019-10-09 23:31:03 +0700] Sync Log:  Synchronization complete at 23:31:03  (2 items transferred, 0 skipped, 0 failed)
[2019-10-09 23:31:28 +0700] Sync Log:  UNISON 2.51.2 (OCAML 4.06.1) started propagating changes at 23:31:28.18 on 09 Oct 2019
[2019-10-09 23:31:28 +0700] Sync Log:  [BGN] Updating file .idea/workspace.xml from /host_sync to /app_sync
[2019-10-09 23:31:28 +0700] Sync Log:  [END] Updating file .idea/workspace.xml
[2019-10-09 23:31:28 +0700] Sync Log:  [BGN] Updating file app/assets/stylesheets/home.scss from /host_sync to /app_sync
[2019-10-09 23:31:28 +0700] Sync Log:  [END] Updating file app/assets/stylesheets/home.scss
[2019-10-09 23:31:28 +0700] Sync Log:  UNISON 2.51.2 (OCAML 4.06.1) finished propagating changes at 23:31:28.18 on 09 Oct 2019
[2019-10-09 23:31:28 +0700] Sync Log:  Synchronization complete at 23:31:28  (2 items transferred, 0 skipped, 0 failed)
[2019-10-09 23:32:30 +0700] Sync Log:  UNISON 2.51.2 (OCAML 4.06.1) started propagating changes at 23:32:30.08 on 09 Oct 2019
[2019-10-09 23:32:30 +0700] Sync Log:  [BGN] Updating file .idea/workspace.xml from /host_sync to /app_sync
[2019-10-09 23:32:30 +0700] Sync Log:  [END] Updating file .idea/workspace.xml
[2019-10-09 23:32:30 +0700] Sync Log:  [BGN] Updating file app/assets/stylesheets/home.scss from /host_sync to /app_sync
[2019-10-09 23:32:30 +0700] Sync Log:  [END] Updating file app/assets/stylesheets/home.scss
[2019-10-09 23:32:30 +0700] Sync Log:  UNISON 2.51.2 (OCAML 4.06.1) finished propagating changes at 23:32:30.08 on 09 Oct 2019
[2019-10-09 23:32:30 +0700] Sync Log:  Synchronization complete at 23:32:30  (2 items transferred, 0 skipped, 0 failed)
[2019-10-09 23:33:34 +0700] Sync Log:  UNISON 2.51.2 (OCAML 4.06.1) started propagating changes at 23:33:33.97 on 09 Oct 2019
[2019-10-09 23:33:34 +0700] Sync Log:  [BGN] Updating file app/assets/stylesheets/home.scss from /host_sync to /app_sync
[2019-10-09 23:33:34 +0700] Sync Log:  [END] Updating file app/assets/stylesheets/home.scss
[2019-10-09 23:33:34 +0700] Sync Log:  UNISON 2.51.2 (OCAML 4.06.1) finished propagating changes at 23:33:33.97 on 09 Oct 2019
[2019-10-09 23:33:34 +0700] Sync Log:  Synchronization complete at 23:33:33  (1 item transferred, 0 skipped, 0 failed)
[2019-10-09 23:34:03 +0700] Sync Log:  UNISON 2.51.2 (OCAML 4.06.1) started propagating changes at 23:34:03.45 on 09 Oct 2019
[2019-10-09 23:34:03 +0700] Sync Log:  [BGN] Updating file .idea/workspace.xml from /host_sync to /app_sync
[2019-10-09 23:34:03 +0700] Sync Log:  [END] Updating file .idea/workspace.xml
[2019-10-09 23:34:03 +0700] Sync Log:  [BGN] Updating file app/assets/stylesheets/home.scss from /host_sync to /app_sync
[2019-10-09 23:34:03 +0700] Sync Log:  [END] Updating file app/assets/stylesheets/home.scss
[2019-10-09 23:34:03 +0700] Sync Log:  UNISON 2.51.2 (OCAML 4.06.1) finished propagating changes at 23:34:03.46 on 09 Oct 2019
[2019-10-09 23:34:03 +0700] Sync Log:  Synchronization complete at 23:34:03  (2 items transferred, 0 skipped, 0 failed)
[2019-10-09 23:35:58 +0700] Sync Log:  UNISON 2.51.2 (OCAML 4.06.1) started propagating changes at 23:35:58.46 on 09 Oct 2019
[2019-10-09 23:35:58 +0700] Sync Log:  [BGN] Updating file app/views/home/_upload_form.html.erb from /host_sync to /app_sync
[2019-10-09 23:35:58 +0700] Sync Log:  [END] Updating file app/views/home/_upload_form.html.erb
[2019-10-09 23:35:58 +0700] Sync Log:  UNISON 2.51.2 (OCAML 4.06.1) finished propagating changes at 23:35:58.46 on 09 Oct 2019
[2019-10-09 23:35:58 +0700] Sync Log:  Synchronization complete at 23:35:58  (1 item transferred, 0 skipped, 0 failed)
[2019-10-09 23:36:44 +0700] Sync Log:  UNISON 2.51.2 (OCAML 4.06.1) started propagating changes at 23:36:44.81 on 09 Oct 2019
[2019-10-09 23:36:44 +0700] Sync Log:  [BGN] Updating file app/views/home/_upload_form.html.erb from /host_sync to /app_sync
[2019-10-09 23:36:44 +0700] Sync Log:  [END] Updating file app/views/home/_upload_form.html.erb
[2019-10-09 23:36:44 +0700] Sync Log:  UNISON 2.51.2 (OCAML 4.06.1) finished propagating changes at 23:36:44.81 on 09 Oct 2019
[2019-10-09 23:36:44 +0700] Sync Log:  Synchronization complete at 23:36:44  (1 item transferred, 0 skipped, 0 failed)
[2019-10-09 23:37:12 +0700] Sync Log:  UNISON 2.51.2 (OCAML 4.06.1) started propagating changes at 23:37:12.14 on 09 Oct 2019
[2019-10-09 23:37:12 +0700] Sync Log:  [BGN] Updating file .idea/workspace.xml from /host_sync to /app_sync
[2019-10-09 23:37:12 +0700] Sync Log:  [END] Updating file .idea/workspace.xml
[2019-10-09 23:37:12 +0700] Sync Log:  [BGN] Updating file app/views/home/_upload_form.html.erb from /host_sync to /app_sync
[2019-10-09 23:37:12 +0700] Sync Log:  [END] Updating file app/views/home/_upload_form.html.erb
[2019-10-09 23:37:12 +0700] Sync Log:  UNISON 2.51.2 (OCAML 4.06.1) finished propagating changes at 23:37:12.14 on 09 Oct 2019
[2019-10-09 23:37:12 +0700] Sync Log:  Synchronization complete at 23:37:12  (2 items transferred, 0 skipped, 0 failed)
[2019-10-09 23:41:51 +0700] Sync Log:  UNISON 2.51.2 (OCAML 4.06.1) started propagating changes at 23:41:51.04 on 09 Oct 2019
[2019-10-09 23:41:51 +0700] Sync Log:  [BGN] Updating file .idea/workspace.xml from /host_sync to /app_sync
[2019-10-09 23:41:51 +0700] Sync Log:  [END] Updating file .idea/workspace.xml
[2019-10-09 23:41:51 +0700] Sync Log:  [BGN] Updating file app/views/home/_upload_form.html.erb from /host_sync to /app_sync
[2019-10-09 23:41:51 +0700] Sync Log:  [END] Updating file app/views/home/_upload_form.html.erb
[2019-10-09 23:41:51 +0700] Sync Log:  UNISON 2.51.2 (OCAML 4.06.1) finished propagating changes at 23:41:51.06 on 09 Oct 2019
[2019-10-09 23:41:51 +0700] Sync Log:  Synchronization complete at 23:41:51  (2 items transferred, 0 skipped, 0 failed)
[2019-10-09 23:42:00 +0700] Sync Log:  UNISON 2.51.2 (OCAML 4.06.1) started propagating changes at 23:41:59.79 on 09 Oct 2019
[2019-10-09 23:42:00 +0700] Sync Log:  [BGN] Updating file app/views/home/_upload_form.html.erb from /host_sync to /app_sync
[2019-10-09 23:42:00 +0700] Sync Log:  [END] Updating file app/views/home/_upload_form.html.erb
[2019-10-09 23:42:00 +0700] Sync Log:  UNISON 2.51.2 (OCAML 4.06.1) finished propagating changes at 23:41:59.80 on 09 Oct 2019
[2019-10-09 23:42:00 +0700] Sync Log:  Synchronization complete at 23:41:59  (1 item transferred, 0 skipped, 0 failed)
[2019-10-09 23:42:16 +0700] Sync Log:  UNISON 2.51.2 (OCAML 4.06.1) started propagating changes at 23:42:15.54 on 09 Oct 2019
[2019-10-09 23:42:16 +0700] Sync Log:  [BGN] Updating file app/views/home/_upload_form.html.erb from /host_sync to /app_sync
[2019-10-09 23:42:16 +0700] Sync Log:  [END] Updating file app/views/home/_upload_form.html.erb
[2019-10-09 23:42:16 +0700] Sync Log:  UNISON 2.51.2 (OCAML 4.06.1) finished propagating changes at 23:42:15.54 on 09 Oct 2019
[2019-10-09 23:42:16 +0700] Sync Log:  Synchronization complete at 23:42:15  (1 item transferred, 0 skipped, 0 failed)
[2019-10-09 23:42:46 +0700] Sync Log:  UNISON 2.51.2 (OCAML 4.06.1) started propagating changes at 23:42:45.44 on 09 Oct 2019
[2019-10-09 23:42:46 +0700] Sync Log:  [BGN] Updating file app/views/home/_upload_form.html.erb from /host_sync to /app_sync
[2019-10-09 23:42:46 +0700] Sync Log:  [END] Updating file app/views/home/_upload_form.html.erb
[2019-10-09 23:42:46 +0700] Sync Log:  UNISON 2.51.2 (OCAML 4.06.1) finished propagating changes at 23:42:45.45 on 09 Oct 2019
[2019-10-09 23:42:46 +0700] Sync Log:  Synchronization complete at 23:42:45  (1 item transferred, 0 skipped, 0 failed)
[2019-10-09 23:42:54 +0700] Sync Log:  UNISON 2.51.2 (OCAML 4.06.1) started propagating changes at 23:42:53.74 on 09 Oct 2019
[2019-10-09 23:42:54 +0700] Sync Log:  [BGN] Updating file app/views/home/_upload_form.html.erb from /host_sync to /app_sync
[2019-10-09 23:42:54 +0700] Sync Log:  [END] Updating file app/views/home/_upload_form.html.erb
[2019-10-09 23:42:54 +0700] Sync Log:  UNISON 2.51.2 (OCAML 4.06.1) finished propagating changes at 23:42:53.74 on 09 Oct 2019
[2019-10-09 23:42:54 +0700] Sync Log:  Synchronization complete at 23:42:53  (1 item transferred, 0 skipped, 0 failed)
[2019-10-09 23:43:05 +0700] Sync Log:  UNISON 2.51.2 (OCAML 4.06.1) started propagating changes at 23:43:04.50 on 09 Oct 2019
[2019-10-09 23:43:05 +0700] Sync Log:  [BGN] Updating file app/views/home/_upload_form.html.erb from /host_sync to /app_sync
[2019-10-09 23:43:05 +0700] Sync Log:  [END] Updating file app/views/home/_upload_form.html.erb
[2019-10-09 23:43:05 +0700] Sync Log:  UNISON 2.51.2 (OCAML 4.06.1) finished propagating changes at 23:43:04.51 on 09 Oct 2019
[2019-10-09 23:43:05 +0700] Sync Log:  Synchronization complete at 23:43:04  (1 item transferred, 0 skipped, 0 failed)
[2019-10-09 23:46:43 +0700] Sync Log:  UNISON 2.51.2 (OCAML 4.06.1) started propagating changes at 23:46:42.54 on 09 Oct 2019
[2019-10-09 23:46:43 +0700] Sync Log:  [BGN] Updating file .idea/workspace.xml from /host_sync to /app_sync
[2019-10-09 23:46:43 +0700] Sync Log:  [END] Updating file .idea/workspace.xml
[2019-10-09 23:46:43 +0700] Sync Log:  [BGN] Updating file app/views/home/_upload_form.html.erb from /host_sync to /app_sync
[2019-10-09 23:46:43 +0700] Sync Log:  [END] Updating file app/views/home/_upload_form.html.erb
[2019-10-09 23:46:43 +0700] Sync Log:  UNISON 2.51.2 (OCAML 4.06.1) finished propagating changes at 23:46:42.55 on 09 Oct 2019
[2019-10-09 23:46:43 +0700] Sync Log:  Synchronization complete at 23:46:42  (2 items transferred, 0 skipped, 0 failed)
[2019-10-09 23:47:32 +0700] Sync Log:  UNISON 2.51.2 (OCAML 4.06.1) started propagating changes at 23:47:32.22 on 09 Oct 2019
[2019-10-09 23:47:32 +0700] Sync Log:  [BGN] Updating file app/views/home/_upload_form.html.erb from /host_sync to /app_sync
[2019-10-09 23:47:32 +0700] Sync Log:  [END] Updating file app/views/home/_upload_form.html.erb
[2019-10-09 23:47:32 +0700] Sync Log:  UNISON 2.51.2 (OCAML 4.06.1) finished propagating changes at 23:47:32.22 on 09 Oct 2019
[2019-10-09 23:47:32 +0700] Sync Log:  Synchronization complete at 23:47:32  (1 item transferred, 0 skipped, 0 failed)
[2019-10-09 23:47:58 +0700] Sync Log:  UNISON 2.51.2 (OCAML 4.06.1) started propagating changes at 23:47:58.06 on 09 Oct 2019
[2019-10-09 23:47:58 +0700] Sync Log:  [BGN] Updating file app/views/home/_upload_form.html.erb from /host_sync to /app_sync
[2019-10-09 23:47:58 +0700] Sync Log:  [END] Updating file app/views/home/_upload_form.html.erb
[2019-10-09 23:47:58 +0700] Sync Log:  UNISON 2.51.2 (OCAML 4.06.1) finished propagating changes at 23:47:58.06 on 09 Oct 2019
[2019-10-09 23:47:58 +0700] Sync Log:  Synchronization complete at 23:47:58  (1 item transferred, 0 skipped, 0 failed)
[2019-10-09 23:49:29 +0700] Sync Log:  UNISON 2.51.2 (OCAML 4.06.1) started propagating changes at 23:49:29.03 on 09 Oct 2019
[2019-10-09 23:49:29 +0700] Sync Log:  [BGN] Updating file app/views/home/_upload_form.html.erb from /host_sync to /app_sync
[2019-10-09 23:49:29 +0700] Sync Log:  [END] Updating file app/views/home/_upload_form.html.erb
[2019-10-09 23:49:29 +0700] Sync Log:  UNISON 2.51.2 (OCAML 4.06.1) finished propagating changes at 23:49:29.03 on 09 Oct 2019
[2019-10-09 23:49:29 +0700] Sync Log:  Synchronization complete at 23:49:29  (1 item transferred, 0 skipped, 0 failed)
[2019-10-09 23:49:55 +0700] Sync Log:  UNISON 2.51.2 (OCAML 4.06.1) started propagating changes at 23:49:55.45 on 09 Oct 2019
[2019-10-09 23:49:55 +0700] Sync Log:  [BGN] Updating file app/views/home/_upload_form.html.erb from /host_sync to /app_sync
[2019-10-09 23:49:55 +0700] Sync Log:  [END] Updating file app/views/home/_upload_form.html.erb
[2019-10-09 23:49:55 +0700] Sync Log:  UNISON 2.51.2 (OCAML 4.06.1) finished propagating changes at 23:49:55.45 on 09 Oct 2019
[2019-10-09 23:49:55 +0700] Sync Log:  Synchronization complete at 23:49:55  (1 item transferred, 0 skipped, 0 failed)
[2019-10-09 23:50:03 +0700] Sync Log:  UNISON 2.51.2 (OCAML 4.06.1) started propagating changes at 23:50:02.86 on 09 Oct 2019
[2019-10-09 23:50:03 +0700] Sync Log:  [BGN] Updating file app/views/home/_upload_form.html.erb from /host_sync to /app_sync
[2019-10-09 23:50:03 +0700] Sync Log:  [END] Updating file app/views/home/_upload_form.html.erb
[2019-10-09 23:50:03 +0700] Sync Log:  UNISON 2.51.2 (OCAML 4.06.1) finished propagating changes at 23:50:02.87 on 09 Oct 2019
[2019-10-09 23:50:03 +0700] Sync Log:  Synchronization complete at 23:50:02  (1 item transferred, 0 skipped, 0 failed)
[2019-10-09 23:50:50 +0700] Sync Log:  UNISON 2.51.2 (OCAML 4.06.1) started propagating changes at 23:50:50.15 on 09 Oct 2019
[2019-10-09 23:50:50 +0700] Sync Log:  [BGN] Updating file .idea/workspace.xml from /host_sync to /app_sync
[2019-10-09 23:50:50 +0700] Sync Log:  [END] Updating file .idea/workspace.xml
[2019-10-09 23:50:50 +0700] Sync Log:  [BGN] Updating file app/views/home/_upload_form.html.erb from /host_sync to /app_sync
[2019-10-09 23:50:50 +0700] Sync Log:  [END] Updating file app/views/home/_upload_form.html.erb
[2019-10-09 23:50:50 +0700] Sync Log:  UNISON 2.51.2 (OCAML 4.06.1) finished propagating changes at 23:50:50.15 on 09 Oct 2019
[2019-10-09 23:50:50 +0700] Sync Log:  Synchronization complete at 23:50:50  (2 items transferred, 0 skipped, 0 failed)
[2019-10-09 23:51:27 +0700] Sync Log:  UNISON 2.51.2 (OCAML 4.06.1) started propagating changes at 23:51:27.56 on 09 Oct 2019
[2019-10-09 23:51:27 +0700] Sync Log:  [BGN] Updating file app/views/layouts/application.html.erb from /host_sync to /app_sync
[2019-10-09 23:51:27 +0700] Sync Log:  [END] Updating file app/views/layouts/application.html.erb
[2019-10-09 23:51:27 +0700] Sync Log:  UNISON 2.51.2 (OCAML 4.06.1) finished propagating changes at 23:51:27.57 on 09 Oct 2019
[2019-10-09 23:51:27 +0700] Sync Log:  Synchronization complete at 23:51:27  (1 item transferred, 0 skipped, 0 failed)
[2019-10-09 23:51:52 +0700] Sync Log:  UNISON 2.51.2 (OCAML 4.06.1) started propagating changes at 23:51:52.24 on 09 Oct 2019
[2019-10-09 23:51:52 +0700] Sync Log:  [BGN] Updating file app/views/layouts/application.html.erb from /host_sync to /app_sync
[2019-10-09 23:51:52 +0700] Sync Log:  [END] Updating file app/views/layouts/application.html.erb
[2019-10-09 23:51:52 +0700] Sync Log:  UNISON 2.51.2 (OCAML 4.06.1) finished propagating changes at 23:51:52.24 on 09 Oct 2019
[2019-10-09 23:51:52 +0700] Sync Log:  Synchronization complete at 23:51:52  (1 item transferred, 0 skipped, 0 failed)
[2019-10-09 23:51:54 +0700] Sync Log:  UNISON 2.51.2 (OCAML 4.06.1) started propagating changes at 23:51:54.26 on 09 Oct 2019
[2019-10-09 23:51:54 +0700] Sync Log:  [BGN] Updating file .idea/workspace.xml from /host_sync to /app_sync
[2019-10-09 23:51:54 +0700] Sync Log:  [END] Updating file .idea/workspace.xml
[2019-10-09 23:51:54 +0700] Sync Log:  UNISON 2.51.2 (OCAML 4.06.1) finished propagating changes at 23:51:54.26 on 09 Oct 2019
[2019-10-09 23:51:54 +0700] Sync Log:  Synchronization complete at 23:51:54  (1 item transferred, 0 skipped, 0 failed)
[2019-10-09 23:52:21 +0700] Sync Log:  UNISON 2.51.2 (OCAML 4.06.1) started propagating changes at 23:52:21.06 on 09 Oct 2019
[2019-10-09 23:52:21 +0700] Sync Log:  [BGN] Updating file app/views/home/_upload_form.html.erb from /host_sync to /app_sync
[2019-10-09 23:52:21 +0700] Sync Log:  [END] Updating file app/views/home/_upload_form.html.erb
[2019-10-09 23:52:21 +0700] Sync Log:  UNISON 2.51.2 (OCAML 4.06.1) finished propagating changes at 23:52:21.06 on 09 Oct 2019
[2019-10-09 23:52:21 +0700] Sync Log:  Synchronization complete at 23:52:21  (1 item transferred, 0 skipped, 0 failed)
[2019-10-09 23:52:47 +0700] Sync Log:  UNISON 2.51.2 (OCAML 4.06.1) started propagating changes at 23:52:46.81 on 09 Oct 2019
[2019-10-09 23:52:47 +0700] Sync Log:  [BGN] Updating file .idea/workspace.xml from /host_sync to /app_sync
[2019-10-09 23:52:47 +0700] Sync Log:  [END] Updating file .idea/workspace.xml
[2019-10-09 23:52:47 +0700] Sync Log:  [BGN] Updating file app/views/home/_upload_form.html.erb from /host_sync to /app_sync
[2019-10-09 23:52:47 +0700] Sync Log:  [END] Updating file app/views/home/_upload_form.html.erb
[2019-10-09 23:52:47 +0700] Sync Log:  UNISON 2.51.2 (OCAML 4.06.1) finished propagating changes at 23:52:46.82 on 09 Oct 2019
[2019-10-09 23:52:47 +0700] Sync Log:  Synchronization complete at 23:52:46  (2 items transferred, 0 skipped, 0 failed)
[2019-10-09 23:53:32 +0700] Sync Log:  UNISON 2.51.2 (OCAML 4.06.1) started propagating changes at 23:53:32.14 on 09 Oct 2019
[2019-10-09 23:53:32 +0700] Sync Log:  [BGN] Updating file app/assets/stylesheets/home.scss from /host_sync to /app_sync
[2019-10-09 23:53:32 +0700] Sync Log:  [END] Updating file app/assets/stylesheets/home.scss
[2019-10-09 23:53:32 +0700] Sync Log:  UNISON 2.51.2 (OCAML 4.06.1) finished propagating changes at 23:53:32.14 on 09 Oct 2019
[2019-10-09 23:53:32 +0700] Sync Log:  Synchronization complete at 23:53:32  (1 item transferred, 0 skipped, 0 failed)
[2019-10-09 23:53:40 +0700] Sync Log:  UNISON 2.51.2 (OCAML 4.06.1) started propagating changes at 23:53:39.98 on 09 Oct 2019
[2019-10-09 23:53:40 +0700] Sync Log:  [BGN] Updating file app/assets/stylesheets/home.scss from /host_sync to /app_sync
[2019-10-09 23:53:40 +0700] Sync Log:  [END] Updating file app/assets/stylesheets/home.scss
[2019-10-09 23:53:40 +0700] Sync Log:  UNISON 2.51.2 (OCAML 4.06.1) finished propagating changes at 23:53:39.98 on 09 Oct 2019
[2019-10-09 23:53:40 +0700] Sync Log:  Synchronization complete at 23:53:39  (1 item transferred, 0 skipped, 0 failed)
[2019-10-09 23:53:50 +0700] Sync Log:  UNISON 2.51.2 (OCAML 4.06.1) started propagating changes at 23:53:50.05 on 09 Oct 2019
[2019-10-09 23:53:50 +0700] Sync Log:  [BGN] Updating file .idea/workspace.xml from /host_sync to /app_sync
[2019-10-09 23:53:50 +0700] Sync Log:  [END] Updating file .idea/workspace.xml
[2019-10-09 23:53:50 +0700] Sync Log:  [BGN] Updating file app/assets/stylesheets/home.scss from /host_sync to /app_sync
[2019-10-09 23:53:50 +0700] Sync Log:  [END] Updating file app/assets/stylesheets/home.scss
[2019-10-09 23:53:50 +0700] Sync Log:  [BGN] Updating file app/views/home/_upload_form.html.erb from /host_sync to /app_sync
[2019-10-09 23:53:50 +0700] Sync Log:  [END] Updating file app/views/home/_upload_form.html.erb
[2019-10-09 23:53:50 +0700] Sync Log:  UNISON 2.51.2 (OCAML 4.06.1) finished propagating changes at 23:53:50.06 on 09 Oct 2019
[2019-10-09 23:53:50 +0700] Sync Log:  Synchronization complete at 23:53:50  (3 items transferred, 0 skipped, 0 failed)
[2019-10-09 23:54:44 +0700] Sync Log:  UNISON 2.51.2 (OCAML 4.06.1) started propagating changes at 23:54:44.44 on 09 Oct 2019
[2019-10-09 23:54:44 +0700] Sync Log:  [BGN] Updating file app/views/home/_upload_form.html.erb from /host_sync to /app_sync
[2019-10-09 23:54:44 +0700] Sync Log:  [END] Updating file app/views/home/_upload_form.html.erb
[2019-10-09 23:54:44 +0700] Sync Log:  UNISON 2.51.2 (OCAML 4.06.1) finished propagating changes at 23:54:44.44 on 09 Oct 2019
[2019-10-09 23:54:44 +0700] Sync Log:  Synchronization complete at 23:54:44  (1 item transferred, 0 skipped, 0 failed)
[2019-10-09 23:55:27 +0700] Sync Log:  UNISON 2.51.2 (OCAML 4.06.1) started propagating changes at 23:55:27.76 on 09 Oct 2019
[2019-10-09 23:55:27 +0700] Sync Log:  [BGN] Updating file .idea/workspace.xml from /host_sync to /app_sync
[2019-10-09 23:55:27 +0700] Sync Log:  [END] Updating file .idea/workspace.xml
[2019-10-09 23:55:27 +0700] Sync Log:  [BGN] Updating file app/views/home/_upload_form.html.erb from /host_sync to /app_sync
[2019-10-09 23:55:27 +0700] Sync Log:  [END] Updating file app/views/home/_upload_form.html.erb
[2019-10-09 23:55:27 +0700] Sync Log:  UNISON 2.51.2 (OCAML 4.06.1) finished propagating changes at 23:55:27.76 on 09 Oct 2019
[2019-10-09 23:55:27 +0700] Sync Log:  Synchronization complete at 23:55:27  (2 items transferred, 0 skipped, 0 failed)
[2019-10-09 23:56:30 +0700] Sync Log:  UNISON 2.51.2 (OCAML 4.06.1) started propagating changes at 23:56:30.60 on 09 Oct 2019
[2019-10-09 23:56:30 +0700] Sync Log:  [BGN] Updating file .idea/workspace.xml from /host_sync to /app_sync
[2019-10-09 23:56:30 +0700] Sync Log:  [END] Updating file .idea/workspace.xml
[2019-10-09 23:56:30 +0700] Sync Log:  [BGN] Updating file app/assets/stylesheets/home.scss from /host_sync to /app_sync
[2019-10-09 23:56:30 +0700] Sync Log:  [END] Updating file app/assets/stylesheets/home.scss
[2019-10-09 23:56:30 +0700] Sync Log:  UNISON 2.51.2 (OCAML 4.06.1) finished propagating changes at 23:56:30.62 on 09 Oct 2019
[2019-10-09 23:56:30 +0700] Sync Log:  Synchronization complete at 23:56:30  (2 items transferred, 0 skipped, 0 failed)
[2019-10-09 23:57:51 +0700] Sync Log:  UNISON 2.51.2 (OCAML 4.06.1) started propagating changes at 23:57:51.35 on 09 Oct 2019
[2019-10-09 23:57:51 +0700] Sync Log:  [BGN] Updating file .idea/workspace.xml from /host_sync to /app_sync
[2019-10-09 23:57:51 +0700] Sync Log:  [END] Updating file .idea/workspace.xml
[2019-10-09 23:57:51 +0700] Sync Log:  [BGN] Updating file app/views/home/_upload_form.html.erb from /host_sync to /app_sync
[2019-10-09 23:57:51 +0700] Sync Log:  [END] Updating file app/views/home/_upload_form.html.erb
[2019-10-09 23:57:51 +0700] Sync Log:  UNISON 2.51.2 (OCAML 4.06.1) finished propagating changes at 23:57:51.37 on 09 Oct 2019
[2019-10-09 23:57:51 +0700] Sync Log:  Synchronization complete at 23:57:51  (2 items transferred, 0 skipped, 0 failed)
[2019-10-09 23:59:16 +0700] Sync Log:  UNISON 2.51.2 (OCAML 4.06.1) started propagating changes at 23:59:16.11 on 09 Oct 2019
[2019-10-09 23:59:16 +0700] Sync Log:  [BGN] Updating file app/views/home/_upload_form.html.erb from /host_sync to /app_sync
[2019-10-09 23:59:16 +0700] Sync Log:  [END] Updating file app/views/home/_upload_form.html.erb
[2019-10-09 23:59:16 +0700] Sync Log:  UNISON 2.51.2 (OCAML 4.06.1) finished propagating changes at 23:59:16.11 on 09 Oct 2019
[2019-10-09 23:59:16 +0700] Sync Log:  Synchronization complete at 23:59:16  (1 item transferred, 0 skipped, 0 failed)
[2019-10-10 00:00:32 +0700] Sync Log:  UNISON 2.51.2 (OCAML 4.06.1) started propagating changes at 00:00:32.92 on 10 Oct 2019
[2019-10-10 00:00:32 +0700] Sync Log:  [BGN] Updating file .idea/workspace.xml from /host_sync to /app_sync
[2019-10-10 00:00:32 +0700] Sync Log:  [END] Updating file .idea/workspace.xml
[2019-10-10 00:00:32 +0700] Sync Log:  [BGN] Updating file app/views/home/_upload_form.html.erb from /host_sync to /app_sync
[2019-10-10 00:00:32 +0700] Sync Log:  [END] Updating file app/views/home/_upload_form.html.erb
[2019-10-10 00:00:32 +0700] Sync Log:  UNISON 2.51.2 (OCAML 4.06.1) finished propagating changes at 00:00:32.93 on 10 Oct 2019
[2019-10-10 00:00:32 +0700] Sync Log:  Synchronization complete at 00:00:32  (2 items transferred, 0 skipped, 0 failed)
[2019-10-10 00:02:04 +0700] Sync Log:  UNISON 2.51.2 (OCAML 4.06.1) started propagating changes at 00:02:04.06 on 10 Oct 2019
[2019-10-10 00:02:04 +0700] Sync Log:  [BGN] Updating file .idea/workspace.xml from /host_sync to /app_sync
[2019-10-10 00:02:04 +0700] Sync Log:  [END] Updating file .idea/workspace.xml
[2019-10-10 00:02:04 +0700] Sync Log:  [BGN] Updating file app/assets/stylesheets/home.scss from /host_sync to /app_sync
[2019-10-10 00:02:04 +0700] Sync Log:  [END] Updating file app/assets/stylesheets/home.scss
[2019-10-10 00:02:04 +0700] Sync Log:  [BGN] Updating file app/views/home/_upload_form.html.erb from /host_sync to /app_sync
[2019-10-10 00:02:04 +0700] Sync Log:  [END] Updating file app/views/home/_upload_form.html.erb
[2019-10-10 00:02:04 +0700] Sync Log:  UNISON 2.51.2 (OCAML 4.06.1) finished propagating changes at 00:02:04.07 on 10 Oct 2019
[2019-10-10 00:02:04 +0700] Sync Log:  Synchronization complete at 00:02:04  (3 items transferred, 0 skipped, 0 failed)
[2019-10-10 00:02:30 +0700] Sync Log:  UNISON 2.51.2 (OCAML 4.06.1) started propagating changes at 00:02:29.62 on 10 Oct 2019
[2019-10-10 00:02:30 +0700] Sync Log:  [BGN] Updating file .idea/workspace.xml from /host_sync to /app_sync
[2019-10-10 00:02:30 +0700] Sync Log:  [END] Updating file .idea/workspace.xml
[2019-10-10 00:02:30 +0700] Sync Log:  [BGN] Updating file app/views/home/_upload_form.html.erb from /host_sync to /app_sync
[2019-10-10 00:02:30 +0700] Sync Log:  [END] Updating file app/views/home/_upload_form.html.erb
[2019-10-10 00:02:30 +0700] Sync Log:  UNISON 2.51.2 (OCAML 4.06.1) finished propagating changes at 00:02:29.63 on 10 Oct 2019
[2019-10-10 00:02:30 +0700] Sync Log:  Synchronization complete at 00:02:29  (2 items transferred, 0 skipped, 0 failed)
[2019-10-10 00:02:42 +0700] Sync Log:  UNISON 2.51.2 (OCAML 4.06.1) started propagating changes at 00:02:41.59 on 10 Oct 2019
[2019-10-10 00:02:42 +0700] Sync Log:  [BGN] Updating file .idea/workspace.xml from /host_sync to /app_sync
[2019-10-10 00:02:42 +0700] Sync Log:  [END] Updating file .idea/workspace.xml
[2019-10-10 00:02:42 +0700] Sync Log:  [BGN] Updating file app/assets/stylesheets/home.scss from /host_sync to /app_sync
[2019-10-10 00:02:42 +0700] Sync Log:  [END] Updating file app/assets/stylesheets/home.scss
[2019-10-10 00:02:42 +0700] Sync Log:  UNISON 2.51.2 (OCAML 4.06.1) finished propagating changes at 00:02:41.60 on 10 Oct 2019
[2019-10-10 00:02:42 +0700] Sync Log:  Synchronization complete at 00:02:41  (2 items transferred, 0 skipped, 0 failed)
[2019-10-10 00:03:33 +0700] Sync Log:  UNISON 2.51.2 (OCAML 4.06.1) started propagating changes at 00:03:32.74 on 10 Oct 2019
[2019-10-10 00:03:33 +0700] Sync Log:  [BGN] Updating file app/assets/stylesheets/home.scss from /host_sync to /app_sync
[2019-10-10 00:03:33 +0700] Sync Log:  [END] Updating file app/assets/stylesheets/home.scss
[2019-10-10 00:03:33 +0700] Sync Log:  UNISON 2.51.2 (OCAML 4.06.1) finished propagating changes at 00:03:32.75 on 10 Oct 2019
[2019-10-10 00:03:33 +0700] Sync Log:  Synchronization complete at 00:03:32  (1 item transferred, 0 skipped, 0 failed)
[2019-10-10 00:03:51 +0700] Sync Log:  UNISON 2.51.2 (OCAML 4.06.1) started propagating changes at 00:03:50.69 on 10 Oct 2019
[2019-10-10 00:03:51 +0700] Sync Log:  [BGN] Updating file app/assets/stylesheets/home.scss from /host_sync to /app_sync
[2019-10-10 00:03:51 +0700] Sync Log:  [END] Updating file app/assets/stylesheets/home.scss
[2019-10-10 00:03:51 +0700] Sync Log:  UNISON 2.51.2 (OCAML 4.06.1) finished propagating changes at 00:03:50.71 on 10 Oct 2019
[2019-10-10 00:03:51 +0700] Sync Log:  Synchronization complete at 00:03:50  (1 item transferred, 0 skipped, 0 failed)
[2019-10-10 00:03:56 +0700] Sync Log:  UNISON 2.51.2 (OCAML 4.06.1) started propagating changes at 00:03:55.47 on 10 Oct 2019
[2019-10-10 00:03:56 +0700] Sync Log:  [BGN] Updating file app/assets/stylesheets/home.scss from /host_sync to /app_sync
[2019-10-10 00:03:56 +0700] Sync Log:  [END] Updating file app/assets/stylesheets/home.scss
[2019-10-10 00:03:56 +0700] Sync Log:  UNISON 2.51.2 (OCAML 4.06.1) finished propagating changes at 00:03:55.47 on 10 Oct 2019
[2019-10-10 00:03:56 +0700] Sync Log:  Synchronization complete at 00:03:55  (1 item transferred, 0 skipped, 0 failed)
[2019-10-10 00:04:03 +0700] Sync Log:  UNISON 2.51.2 (OCAML 4.06.1) started propagating changes at 00:04:03.04 on 10 Oct 2019
[2019-10-10 00:04:03 +0700] Sync Log:  [BGN] Updating file .idea/workspace.xml from /host_sync to /app_sync
[2019-10-10 00:04:03 +0700] Sync Log:  [END] Updating file .idea/workspace.xml
[2019-10-10 00:04:03 +0700] Sync Log:  [BGN] Updating file app/assets/stylesheets/home.scss from /host_sync to /app_sync
[2019-10-10 00:04:03 +0700] Sync Log:  [END] Updating file app/assets/stylesheets/home.scss
[2019-10-10 00:04:03 +0700] Sync Log:  UNISON 2.51.2 (OCAML 4.06.1) finished propagating changes at 00:04:03.06 on 10 Oct 2019
[2019-10-10 00:04:03 +0700] Sync Log:  Synchronization complete at 00:04:03  (2 items transferred, 0 skipped, 0 failed)
[2019-10-10 00:05:27 +0700] Sync Log:  UNISON 2.51.2 (OCAML 4.06.1) started propagating changes at 00:05:26.83 on 10 Oct 2019
[2019-10-10 00:05:27 +0700] Sync Log:  [BGN] Updating file .idea/workspace.xml from /host_sync to /app_sync
[2019-10-10 00:05:27 +0700] Sync Log:  [END] Updating file .idea/workspace.xml
[2019-10-10 00:05:27 +0700] Sync Log:  [BGN] Updating file app/assets/stylesheets/home.scss from /host_sync to /app_sync
[2019-10-10 00:05:27 +0700] Sync Log:  [END] Updating file app/assets/stylesheets/home.scss
[2019-10-10 00:05:27 +0700] Sync Log:  UNISON 2.51.2 (OCAML 4.06.1) finished propagating changes at 00:05:26.84 on 10 Oct 2019
[2019-10-10 00:05:27 +0700] Sync Log:  Synchronization complete at 00:05:26  (2 items transferred, 0 skipped, 0 failed)
[2019-10-10 00:05:39 +0700] Sync Log:  UNISON 2.51.2 (OCAML 4.06.1) started propagating changes at 00:05:38.65 on 10 Oct 2019
[2019-10-10 00:05:39 +0700] Sync Log:  [BGN] Updating file .idea/workspace.xml from /host_sync to /app_sync
[2019-10-10 00:05:39 +0700] Sync Log:  [END] Updating file .idea/workspace.xml
[2019-10-10 00:05:39 +0700] Sync Log:  [BGN] Updating file app/assets/stylesheets/home.scss from /host_sync to /app_sync
[2019-10-10 00:05:39 +0700] Sync Log:  [END] Updating file app/assets/stylesheets/home.scss
[2019-10-10 00:05:39 +0700] Sync Log:  UNISON 2.51.2 (OCAML 4.06.1) finished propagating changes at 00:05:38.66 on 10 Oct 2019
[2019-10-10 00:05:39 +0700] Sync Log:  Synchronization complete at 00:05:38  (2 items transferred, 0 skipped, 0 failed)
[2019-10-10 00:05:57 +0700] Sync Log:  UNISON 2.51.2 (OCAML 4.06.1) started propagating changes at 00:05:56.99 on 10 Oct 2019
[2019-10-10 00:05:57 +0700] Sync Log:  [BGN] Updating file .idea/workspace.xml from /host_sync to /app_sync
[2019-10-10 00:05:57 +0700] Sync Log:  [END] Updating file .idea/workspace.xml
[2019-10-10 00:05:57 +0700] Sync Log:  [BGN] Updating file app/assets/stylesheets/home.scss from /host_sync to /app_sync
[2019-10-10 00:05:57 +0700] Sync Log:  [END] Updating file app/assets/stylesheets/home.scss
[2019-10-10 00:05:57 +0700] Sync Log:  UNISON 2.51.2 (OCAML 4.06.1) finished propagating changes at 00:05:57.00 on 10 Oct 2019
[2019-10-10 00:05:57 +0700] Sync Log:  Synchronization complete at 00:05:57  (2 items transferred, 0 skipped, 0 failed)
[2019-10-10 00:07:46 +0700] Sync Log:  UNISON 2.51.2 (OCAML 4.06.1) started propagating changes at 00:07:45.54 on 10 Oct 2019
[2019-10-10 00:07:46 +0700] Sync Log:  [BGN] Updating file app/assets/stylesheets/home.scss from /host_sync to /app_sync
[2019-10-10 00:07:46 +0700] Sync Log:  [END] Updating file app/assets/stylesheets/home.scss
[2019-10-10 00:07:46 +0700] Sync Log:  [BGN] Updating file app/views/home/_upload_form.html.erb from /host_sync to /app_sync
[2019-10-10 00:07:46 +0700] Sync Log:  [END] Updating file app/views/home/_upload_form.html.erb
[2019-10-10 00:07:46 +0700] Sync Log:  UNISON 2.51.2 (OCAML 4.06.1) finished propagating changes at 00:07:45.55 on 10 Oct 2019
[2019-10-10 00:07:46 +0700] Sync Log:  Synchronization complete at 00:07:45  (2 items transferred, 0 skipped, 0 failed)
[2019-10-10 00:08:10 +0700] Sync Log:  UNISON 2.51.2 (OCAML 4.06.1) started propagating changes at 00:08:09.66 on 10 Oct 2019
[2019-10-10 00:08:10 +0700] Sync Log:  [BGN] Updating file .idea/workspace.xml from /host_sync to /app_sync
[2019-10-10 00:08:10 +0700] Sync Log:  [END] Updating file .idea/workspace.xml
[2019-10-10 00:08:10 +0700] Sync Log:  [BGN] Updating file app/assets/stylesheets/home.scss from /host_sync to /app_sync
[2019-10-10 00:08:10 +0700] Sync Log:  [END] Updating file app/assets/stylesheets/home.scss
[2019-10-10 00:08:10 +0700] Sync Log:  UNISON 2.51.2 (OCAML 4.06.1) finished propagating changes at 00:08:09.67 on 10 Oct 2019
[2019-10-10 00:08:10 +0700] Sync Log:  Synchronization complete at 00:08:09  (2 items transferred, 0 skipped, 0 failed)
[2019-10-10 00:08:50 +0700] Sync Log:  UNISON 2.51.2 (OCAML 4.06.1) started propagating changes at 00:08:50.14 on 10 Oct 2019
[2019-10-10 00:08:50 +0700] Sync Log:  [BGN] Updating file .idea/workspace.xml from /host_sync to /app_sync
[2019-10-10 00:08:50 +0700] Sync Log:  [END] Updating file .idea/workspace.xml
[2019-10-10 00:08:50 +0700] Sync Log:  [BGN] Updating file app/assets/stylesheets/home.scss from /host_sync to /app_sync
[2019-10-10 00:08:50 +0700] Sync Log:  [END] Updating file app/assets/stylesheets/home.scss
[2019-10-10 00:08:50 +0700] Sync Log:  UNISON 2.51.2 (OCAML 4.06.1) finished propagating changes at 00:08:50.14 on 10 Oct 2019
[2019-10-10 00:08:50 +0700] Sync Log:  Synchronization complete at 00:08:50  (2 items transferred, 0 skipped, 0 failed)
[2019-10-10 00:09:01 +0700] Sync Log:  UNISON 2.51.2 (OCAML 4.06.1) started propagating changes at 00:09:01.04 on 10 Oct 2019
[2019-10-10 00:09:01 +0700] Sync Log:  [BGN] Updating file .idea/workspace.xml from /host_sync to /app_sync
[2019-10-10 00:09:01 +0700] Sync Log:  [END] Updating file .idea/workspace.xml
[2019-10-10 00:09:01 +0700] Sync Log:  [BGN] Updating file app/assets/stylesheets/home.scss from /host_sync to /app_sync
[2019-10-10 00:09:01 +0700] Sync Log:  [END] Updating file app/assets/stylesheets/home.scss
[2019-10-10 00:09:01 +0700] Sync Log:  UNISON 2.51.2 (OCAML 4.06.1) finished propagating changes at 00:09:01.05 on 10 Oct 2019
[2019-10-10 00:09:01 +0700] Sync Log:  Synchronization complete at 00:09:01  (2 items transferred, 0 skipped, 0 failed)
[2019-10-10 00:09:15 +0700] Sync Log:  UNISON 2.51.2 (OCAML 4.06.1) started propagating changes at 00:09:14.57 on 10 Oct 2019
[2019-10-10 00:09:15 +0700] Sync Log:  [BGN] Updating file .idea/workspace.xml from /host_sync to /app_sync
[2019-10-10 00:09:15 +0700] Sync Log:  [END] Updating file .idea/workspace.xml
[2019-10-10 00:09:15 +0700] Sync Log:  [BGN] Updating file app/assets/stylesheets/home.scss from /host_sync to /app_sync
[2019-10-10 00:09:15 +0700] Sync Log:  [END] Updating file app/assets/stylesheets/home.scss
[2019-10-10 00:09:15 +0700] Sync Log:  UNISON 2.51.2 (OCAML 4.06.1) finished propagating changes at 00:09:14.58 on 10 Oct 2019
[2019-10-10 00:09:15 +0700] Sync Log:  Synchronization complete at 00:09:14  (2 items transferred, 0 skipped, 0 failed)
[2019-10-10 00:10:23 +0700] Sync Log:  UNISON 2.51.2 (OCAML 4.06.1) started propagating changes at 00:10:23.17 on 10 Oct 2019
[2019-10-10 00:10:23 +0700] Sync Log:  [BGN] Updating file app/views/home/_upload_form.html.erb from /host_sync to /app_sync
[2019-10-10 00:10:23 +0700] Sync Log:  [END] Updating file app/views/home/_upload_form.html.erb
[2019-10-10 00:10:23 +0700] Sync Log:  UNISON 2.51.2 (OCAML 4.06.1) finished propagating changes at 00:10:23.17 on 10 Oct 2019
[2019-10-10 00:10:23 +0700] Sync Log:  Synchronization complete at 00:10:23  (1 item transferred, 0 skipped, 0 failed)
[2019-10-10 00:10:52 +0700] Sync Log:  UNISON 2.51.2 (OCAML 4.06.1) started propagating changes at 00:10:51.73 on 10 Oct 2019
[2019-10-10 00:10:52 +0700] Sync Log:  [BGN] Updating file .idea/workspace.xml from /host_sync to /app_sync
[2019-10-10 00:10:52 +0700] Sync Log:  [END] Updating file .idea/workspace.xml
[2019-10-10 00:10:52 +0700] Sync Log:  [BGN] Updating file app/views/home/_upload_form.html.erb from /host_sync to /app_sync
[2019-10-10 00:10:52 +0700] Sync Log:  [END] Updating file app/views/home/_upload_form.html.erb
[2019-10-10 00:10:52 +0700] Sync Log:  UNISON 2.51.2 (OCAML 4.06.1) finished propagating changes at 00:10:51.74 on 10 Oct 2019
[2019-10-10 00:10:52 +0700] Sync Log:  Synchronization complete at 00:10:51  (2 items transferred, 0 skipped, 0 failed)
[2019-10-10 00:11:11 +0700] Sync Log:  UNISON 2.51.2 (OCAML 4.06.1) started propagating changes at 00:11:10.98 on 10 Oct 2019
[2019-10-10 00:11:11 +0700] Sync Log:  [BGN] Updating file .idea/workspace.xml from /host_sync to /app_sync
[2019-10-10 00:11:11 +0700] Sync Log:  [END] Updating file .idea/workspace.xml
[2019-10-10 00:11:11 +0700] Sync Log:  [BGN] Updating file app/views/home/_upload_form.html.erb from /host_sync to /app_sync
[2019-10-10 00:11:11 +0700] Sync Log:  [END] Updating file app/views/home/_upload_form.html.erb
[2019-10-10 00:11:11 +0700] Sync Log:  UNISON 2.51.2 (OCAML 4.06.1) finished propagating changes at 00:11:10.99 on 10 Oct 2019
[2019-10-10 00:11:11 +0700] Sync Log:  Synchronization complete at 00:11:10  (2 items transferred, 0 skipped, 0 failed)
[2019-10-10 00:11:48 +0700] Sync Log:  UNISON 2.51.2 (OCAML 4.06.1) started propagating changes at 00:11:47.79 on 10 Oct 2019
[2019-10-10 00:11:48 +0700] Sync Log:  [BGN] Updating file .idea/workspace.xml from /host_sync to /app_sync
[2019-10-10 00:11:48 +0700] Sync Log:  [END] Updating file .idea/workspace.xml
[2019-10-10 00:11:48 +0700] Sync Log:  [BGN] Updating file app/controllers/home_controller.rb from /host_sync to /app_sync
[2019-10-10 00:11:48 +0700] Sync Log:  [END] Updating file app/controllers/home_controller.rb
[2019-10-10 00:11:48 +0700] Sync Log:  UNISON 2.51.2 (OCAML 4.06.1) finished propagating changes at 00:11:47.79 on 10 Oct 2019
[2019-10-10 00:11:48 +0700] Sync Log:  Synchronization complete at 00:11:47  (2 items transferred, 0 skipped, 0 failed)
[2019-10-10 00:12:37 +0700] Sync Log:  UNISON 2.51.2 (OCAML 4.06.1) started propagating changes at 00:12:37.33 on 10 Oct 2019
[2019-10-10 00:12:37 +0700] Sync Log:  [BGN] Copying storage/2d from /host_sync to /app_sync
[2019-10-10 00:12:37 +0700] Sync Log:  [END] Copying storage/2d
[2019-10-10 00:12:37 +0700] Sync Log:  UNISON 2.51.2 (OCAML 4.06.1) finished propagating changes at 00:12:37.36 on 10 Oct 2019
[2019-10-10 00:12:37 +0700] Sync Log:  Synchronization complete at 00:12:37  (1 item transferred, 0 skipped, 0 failed)
[2019-10-10 00:21:06 +0700] Sync Log:  UNISON 2.51.2 (OCAML 4.06.1) started propagating changes at 00:21:05.48 on 10 Oct 2019
[2019-10-10 00:21:06 +0700] Sync Log:  [BGN] Updating file .idea/workspace.xml from /host_sync to /app_sync
[2019-10-10 00:21:06 +0700] Sync Log:  [END] Updating file .idea/workspace.xml
[2019-10-10 00:21:06 +0700] Sync Log:  UNISON 2.51.2 (OCAML 4.06.1) finished propagating changes at 00:21:05.48 on 10 Oct 2019
[2019-10-10 00:21:06 +0700] Sync Log:  Synchronization complete at 00:21:05  (1 item transferred, 0 skipped, 0 failed)
